<?xml version="1.0" encoding="UTF-8"?>
<testsuite name="com.kafka.controller.LibraryEventsControllerIntegrationTest" tests="1" skipped="0" failures="0" errors="0" timestamp="2022-05-01T00:07:19" hostname="LAPTOP-SA1L7A47" time="4.475">
  <properties/>
  <testcase name="shouldPostLibraryEvent()" classname="com.kafka.controller.LibraryEventsControllerIntegrationTest" time="4.475"/>
  <system-out><![CDATA[21:06:33.872 [Test worker] DEBUG org.springframework.test.context.BootstrapUtils - Instantiating CacheAwareContextLoaderDelegate from class [org.springframework.test.context.cache.DefaultCacheAwareContextLoaderDelegate]
21:06:33.885 [Test worker] DEBUG org.springframework.test.context.BootstrapUtils - Instantiating BootstrapContext using constructor [public org.springframework.test.context.support.DefaultBootstrapContext(java.lang.Class,org.springframework.test.context.CacheAwareContextLoaderDelegate)]
21:06:33.894 [Test worker] DEBUG org.springframework.test.context.BootstrapUtils - Instantiating TestContextBootstrapper for test class [com.kafka.controller.LibraryEventsControllerIntegrationTest] from class [org.springframework.boot.test.context.SpringBootTestContextBootstrapper]
21:06:33.909 [Test worker] INFO org.springframework.boot.test.context.SpringBootTestContextBootstrapper - Neither @ContextConfiguration nor @ContextHierarchy found for test class [com.kafka.controller.LibraryEventsControllerIntegrationTest], using SpringBootContextLoader
21:06:33.914 [Test worker] DEBUG org.springframework.test.context.support.AbstractContextLoader - Did not detect default resource location for test class [com.kafka.controller.LibraryEventsControllerIntegrationTest]: class path resource [com/kafka/controller/LibraryEventsControllerIntegrationTest-context.xml] does not exist
21:06:33.916 [Test worker] DEBUG org.springframework.test.context.support.AbstractContextLoader - Did not detect default resource location for test class [com.kafka.controller.LibraryEventsControllerIntegrationTest]: class path resource [com/kafka/controller/LibraryEventsControllerIntegrationTestContext.groovy] does not exist
21:06:33.916 [Test worker] INFO org.springframework.test.context.support.AbstractContextLoader - Could not detect default resource locations for test class [com.kafka.controller.LibraryEventsControllerIntegrationTest]: no resource found for suffixes {-context.xml, Context.groovy}.
21:06:33.917 [Test worker] INFO org.springframework.test.context.support.AnnotationConfigContextLoaderUtils - Could not detect default configuration classes for test class [com.kafka.controller.LibraryEventsControllerIntegrationTest]: LibraryEventsControllerIntegrationTest does not declare any static, non-private, non-final, nested classes annotated with @Configuration.
21:06:33.968 [Test worker] DEBUG org.springframework.test.context.support.ActiveProfilesUtils - Could not find an 'annotation declaring class' for annotation type [org.springframework.test.context.ActiveProfiles] and class [com.kafka.controller.LibraryEventsControllerIntegrationTest]
21:06:34.046 [Test worker] DEBUG org.springframework.context.annotation.ClassPathScanningCandidateComponentProvider - Identified candidate component class: file [C:\Users\diogo\OneDrive\Documentos\IT Course\Java\Kafka\library-events-producer\build\classes\java\main\com\kafka\LibraryEventsProducerApplication.class]
21:06:34.047 [Test worker] INFO org.springframework.boot.test.context.SpringBootTestContextBootstrapper - Found @SpringBootConfiguration com.kafka.LibraryEventsProducerApplication for test class com.kafka.controller.LibraryEventsControllerIntegrationTest
21:06:34.170 [Test worker] DEBUG org.springframework.boot.test.context.SpringBootTestContextBootstrapper - @TestExecutionListeners is not present for class [com.kafka.controller.LibraryEventsControllerIntegrationTest]: using defaults.
21:06:34.171 [Test worker] INFO org.springframework.boot.test.context.SpringBootTestContextBootstrapper - Loaded default TestExecutionListener class names from location [META-INF/spring.factories]: [org.springframework.boot.test.autoconfigure.restdocs.RestDocsTestExecutionListener, org.springframework.boot.test.autoconfigure.web.client.MockRestServiceServerResetTestExecutionListener, org.springframework.boot.test.autoconfigure.web.servlet.MockMvcPrintOnlyOnFailureTestExecutionListener, org.springframework.boot.test.autoconfigure.web.servlet.WebDriverTestExecutionListener, org.springframework.boot.test.autoconfigure.webservices.client.MockWebServiceServerTestExecutionListener, org.springframework.boot.test.mock.mockito.MockitoTestExecutionListener, org.springframework.boot.test.mock.mockito.ResetMocksTestExecutionListener, org.springframework.test.context.web.ServletTestExecutionListener, org.springframework.test.context.support.DirtiesContextBeforeModesTestExecutionListener, org.springframework.test.context.event.ApplicationEventsTestExecutionListener, org.springframework.test.context.support.DependencyInjectionTestExecutionListener, org.springframework.test.context.support.DirtiesContextTestExecutionListener, org.springframework.test.context.transaction.TransactionalTestExecutionListener, org.springframework.test.context.jdbc.SqlScriptsTestExecutionListener, org.springframework.test.context.event.EventPublishingTestExecutionListener]
21:06:34.191 [Test worker] INFO org.springframework.boot.test.context.SpringBootTestContextBootstrapper - Using TestExecutionListeners: [org.springframework.test.context.web.ServletTestExecutionListener@15deb1dc, org.springframework.test.context.support.DirtiesContextBeforeModesTestExecutionListener@6e9c413e, org.springframework.test.context.event.ApplicationEventsTestExecutionListener@57a4d5ee, org.springframework.boot.test.mock.mockito.MockitoTestExecutionListener@5af5def9, org.springframework.boot.test.autoconfigure.SpringBootDependencyInjectionTestExecutionListener@3a45c42a, org.springframework.test.context.support.DirtiesContextTestExecutionListener@36dce7ed, org.springframework.test.context.transaction.TransactionalTestExecutionListener@47a64f7d, org.springframework.test.context.jdbc.SqlScriptsTestExecutionListener@33d05366, org.springframework.test.context.event.EventPublishingTestExecutionListener@27a0a5a2, org.springframework.boot.test.autoconfigure.restdocs.RestDocsTestExecutionListener@7692cd34, org.springframework.boot.test.autoconfigure.web.client.MockRestServiceServerResetTestExecutionListener@33aa93c, org.springframework.boot.test.autoconfigure.web.servlet.MockMvcPrintOnlyOnFailureTestExecutionListener@32c0915e, org.springframework.boot.test.autoconfigure.web.servlet.WebDriverTestExecutionListener@106faf11, org.springframework.boot.test.autoconfigure.webservices.client.MockWebServiceServerTestExecutionListener@70f43b45, org.springframework.boot.test.mock.mockito.ResetMocksTestExecutionListener@26d10f2e]
21:06:34.194 [Test worker] DEBUG org.springframework.test.context.support.AbstractDirtiesContextTestExecutionListener - Before test class: context [DefaultTestContext@e041f0c testClass = LibraryEventsControllerIntegrationTest, testInstance = [null], testMethod = [null], testException = [null], mergedContextConfiguration = [WebMergedContextConfiguration@6a175569 testClass = LibraryEventsControllerIntegrationTest, locations = '{}', classes = '{class com.kafka.LibraryEventsProducerApplication}', contextInitializerClasses = '[]', activeProfiles = '{}', propertySourceLocations = '{}', propertySourceProperties = '{spring.kafka.producer.bootstrap-servers=${spring.embedded.kafka.brokers}, spring.kafka.admin.properties.bootstrap-servers=${spring.embedded.kafka.brokers}, org.springframework.boot.test.context.SpringBootTestContextBootstrapper=true, server.port=0}', contextCustomizers = set[org.springframework.kafka.test.context.EmbeddedKafkaContextCustomizer@db962fe8, org.springframework.boot.test.autoconfigure.actuate.metrics.MetricsExportContextCustomizerFactory$DisableMetricExportContextCustomizer@422c3c7a, org.springframework.boot.test.autoconfigure.properties.PropertyMappingContextCustomizer@0, org.springframework.boot.test.autoconfigure.web.servlet.WebDriverContextCustomizerFactory$Customizer@306851c7, org.springframework.boot.test.context.filter.ExcludeFilterContextCustomizer@41813449, org.springframework.boot.test.json.DuplicateJsonObjectContextCustomizerFactory$DuplicateJsonObjectContextCustomizer@1080b026, org.springframework.boot.test.mock.mockito.MockitoContextCustomizer@0, org.springframework.boot.test.web.client.TestRestTemplateContextCustomizer@62ea3440, org.springframework.boot.test.context.SpringBootTestArgs@1, org.springframework.boot.test.context.SpringBootTestWebEnvironment@39b43d60], resourceBasePath = 'src/main/webapp', contextLoader = 'org.springframework.boot.test.context.SpringBootContextLoader', parent = [null]], attributes = map['org.springframework.test.context.web.ServletTestExecutionListener.activateListener' -> false]], class annotated with @DirtiesContext [false] with mode [null].
21:06:34.205 [Test worker] DEBUG org.springframework.test.context.support.DependencyInjectionTestExecutionListener - Performing dependency injection for test context [[DefaultTestContext@e041f0c testClass = LibraryEventsControllerIntegrationTest, testInstance = com.kafka.controller.LibraryEventsControllerIntegrationTest@2fb68ec6, testMethod = [null], testException = [null], mergedContextConfiguration = [WebMergedContextConfiguration@6a175569 testClass = LibraryEventsControllerIntegrationTest, locations = '{}', classes = '{class com.kafka.LibraryEventsProducerApplication}', contextInitializerClasses = '[]', activeProfiles = '{}', propertySourceLocations = '{}', propertySourceProperties = '{spring.kafka.producer.bootstrap-servers=${spring.embedded.kafka.brokers}, spring.kafka.admin.properties.bootstrap-servers=${spring.embedded.kafka.brokers}, org.springframework.boot.test.context.SpringBootTestContextBootstrapper=true, server.port=0}', contextCustomizers = set[org.springframework.kafka.test.context.EmbeddedKafkaContextCustomizer@db962fe8, org.springframework.boot.test.autoconfigure.actuate.metrics.MetricsExportContextCustomizerFactory$DisableMetricExportContextCustomizer@422c3c7a, org.springframework.boot.test.autoconfigure.properties.PropertyMappingContextCustomizer@0, org.springframework.boot.test.autoconfigure.web.servlet.WebDriverContextCustomizerFactory$Customizer@306851c7, org.springframework.boot.test.context.filter.ExcludeFilterContextCustomizer@41813449, org.springframework.boot.test.json.DuplicateJsonObjectContextCustomizerFactory$DuplicateJsonObjectContextCustomizer@1080b026, org.springframework.boot.test.mock.mockito.MockitoContextCustomizer@0, org.springframework.boot.test.web.client.TestRestTemplateContextCustomizer@62ea3440, org.springframework.boot.test.context.SpringBootTestArgs@1, org.springframework.boot.test.context.SpringBootTestWebEnvironment@39b43d60], resourceBasePath = 'src/main/webapp', contextLoader = 'org.springframework.boot.test.context.SpringBootContextLoader', parent = [null]], attributes = map['org.springframework.test.context.web.ServletTestExecutionListener.activateListener' -> false, 'org.springframework.test.context.event.ApplicationEventsTestExecutionListener.recordApplicationEvents' -> false]]].

  .   ____          _            __ _ _
 /\\ / ___'_ __ _ _(_)_ __  __ _ \ \ \ \
( ( )\___ | '_ | '_| | '_ \/ _` | \ \ \ \
 \\/  ___)| |_)| | | | | || (_| |  ) ) ) )
  '  |____| .__|_| |_|_| |_\__, | / / / /
 =========|_|==============|___/=/_/_/_/
 :: Spring Boot ::                (v2.6.7)

2022-04-30 21:06:34.966  INFO 22336 --- [    Test worker] k.utils.Log4jControllerRegistration$     : Registered kafka:type=kafka.Log4jController MBean
2022-04-30 21:06:34.987  INFO 22336 --- [    Test worker] o.a.zookeeper.server.ZooKeeperServer     : 
2022-04-30 21:06:34.987  INFO 22336 --- [    Test worker] o.a.zookeeper.server.ZooKeeperServer     :   ______                  _                                          
2022-04-30 21:06:34.987  INFO 22336 --- [    Test worker] o.a.zookeeper.server.ZooKeeperServer     :  |___  /                 | |                                         
2022-04-30 21:06:34.987  INFO 22336 --- [    Test worker] o.a.zookeeper.server.ZooKeeperServer     :     / /    ___     ___   | | __   ___    ___   _ __     ___   _ __   
2022-04-30 21:06:34.987  INFO 22336 --- [    Test worker] o.a.zookeeper.server.ZooKeeperServer     :    / /    / _ \   / _ \  | |/ /  / _ \  / _ \ | '_ \   / _ \ | '__|
2022-04-30 21:06:34.987  INFO 22336 --- [    Test worker] o.a.zookeeper.server.ZooKeeperServer     :   / /__  | (_) | | (_) | |   <  |  __/ |  __/ | |_) | |  __/ | |    
2022-04-30 21:06:34.987  INFO 22336 --- [    Test worker] o.a.zookeeper.server.ZooKeeperServer     :  /_____|  \___/   \___/  |_|\_\  \___|  \___| | .__/   \___| |_|
2022-04-30 21:06:34.987  INFO 22336 --- [    Test worker] o.a.zookeeper.server.ZooKeeperServer     :                                               | |                     
2022-04-30 21:06:34.987  INFO 22336 --- [    Test worker] o.a.zookeeper.server.ZooKeeperServer     :                                               |_|                     
2022-04-30 21:06:34.988  INFO 22336 --- [    Test worker] o.a.zookeeper.server.ZooKeeperServer     : 
2022-04-30 21:06:34.992  INFO 22336 --- [    Test worker] o.a.zookeeper.server.ZooKeeperServer     : Server environment:zookeeper.version=3.6.3--6401e4ad2087061bc6b9f80dec2d69f2e3c8660a, built on 04/08/2021 16:35 GMT
2022-04-30 21:06:34.992  INFO 22336 --- [    Test worker] o.a.zookeeper.server.ZooKeeperServer     : Server environment:host.name=LAPTOP-SA1L7A47.mshome.net
2022-04-30 21:06:34.992  INFO 22336 --- [    Test worker] o.a.zookeeper.server.ZooKeeperServer     : Server environment:java.version=11.0.12
2022-04-30 21:06:34.992  INFO 22336 --- [    Test worker] o.a.zookeeper.server.ZooKeeperServer     : Server environment:java.vendor=Amazon.com Inc.
2022-04-30 21:06:34.992  INFO 22336 --- [    Test worker] o.a.zookeeper.server.ZooKeeperServer     : Server environment:java.home=C:\Users\diogo\.jdks\corretto-11.0.12
2022-04-30 21:06:34.992  INFO 22336 --- [    Test worker] o.a.zookeeper.server.ZooKeeperServer     : Server environment:java.class.path=C:\Users\diogo\.gradle\caches\7.4.1\workerMain\gradle-worker.jar;C:\Users\diogo\OneDrive\Documentos\IT Course\Java\Kafka\library-events-producer\build\classes\java\test;C:\Users\diogo\OneDrive\Documentos\IT Course\Java\Kafka\library-events-producer\build\classes\java\main;C:\Users\diogo\OneDrive\Documentos\IT Course\Java\Kafka\library-events-producer\build\resources\main;C:\Users\diogo\.gradle\caches\modules-2\files-2.1\org.springframework.boot\spring-boot-starter-web\2.6.7\d877d6b14397f0c4b3a1611149a37eaf47f32195\spring-boot-starter-web-2.6.7.jar;C:\Users\diogo\.gradle\caches\modules-2\files-2.1\org.springframework.kafka\spring-kafka\2.8.5\a91593476f655566a3350628495c67314a88750b\spring-kafka-2.8.5.jar;C:\Users\diogo\.gradle\caches\modules-2\files-2.1\org.springframework.boot\spring-boot-starter-test\2.6.7\8fe7761bc8609b832d8cc1104ff59a0512ef9aaf\spring-boot-starter-test-2.6.7.jar;C:\Users\diogo\.gradle\caches\modules-2\files-2.1\org.springframework.kafka\spring-kafka-test\2.8.5\a241469897fd3c2a786b0099dfcf93b1ae5b81eb\spring-kafka-test-2.8.5.jar;C:\Users\diogo\.gradle\caches\modules-2\files-2.1\org.springframework.boot\spring-boot-starter-json\2.6.7\6f50e3003a0fff41ff571d52041146a19010761c\spring-boot-starter-json-2.6.7.jar;C:\Users\diogo\.gradle\caches\modules-2\files-2.1\org.springframework.boot\spring-boot-starter\2.6.7\59bd62cd60e6e7bb2a525931947c13548b207288\spring-boot-starter-2.6.7.jar;C:\Users\diogo\.gradle\caches\modules-2\files-2.1\org.springframework.boot\spring-boot-starter-tomcat\2.6.7\22b09d173a3ca971e2f344229c13a105695ee45c\spring-boot-starter-tomcat-2.6.7.jar;C:\Users\diogo\.gradle\caches\modules-2\files-2.1\org.springframework\spring-webmvc\5.3.19\ba2fc03a3bcc925458e1179ef88f5833fb1971d\spring-webmvc-5.3.19.jar;C:\Users\diogo\.gradle\caches\modules-2\files-2.1\org.springframework\spring-web\5.3.19\cdffc649d28d360d5891244e45277aa135ac647d\spring-web-5.3.19.jar;C:\Users\diogo\.gradle\caches\modules-2\files-2.1\org.springframework.boot\spring-boot-test-autoconfigure\2.6.7\b95d7d094604e315cbd0c7746d700acdddeee95d\spring-boot-test-autoconfigure-2.6.7.jar;C:\Users\diogo\.gradle\caches\modules-2\files-2.1\org.springframework.boot\spring-boot-test\2.6.7\78741985ff50aecc5cd2776c74804a288ffc208d\spring-boot-test-2.6.7.jar;C:\Users\diogo\.gradle\caches\modules-2\files-2.1\org.springframework.boot\spring-boot-autoconfigure\2.6.7\d96e51e7a13f16c07f60654071f157f99a0b99be\spring-boot-autoconfigure-2.6.7.jar;C:\Users\diogo\.gradle\caches\modules-2\files-2.1\org.springframework.boot\spring-boot\2.6.7\aef2fff50d49feb43a0726ab7e4945914186e06\spring-boot-2.6.7.jar;C:\Users\diogo\.gradle\caches\modules-2\files-2.1\org.springframework\spring-context\5.3.19\d663259767f8fb66229209db0422d65978235525\spring-context-5.3.19.jar;C:\Users\diogo\.gradle\caches\modules-2\files-2.1\org.springframework\spring-messaging\5.3.19\bd45ab911bcdf620e8ac8794c11e6dc4395b4533\spring-messaging-5.3.19.jar;C:\Users\diogo\.gradle\caches\modules-2\files-2.1\org.springframework\spring-tx\5.3.19\f0b442718e67000845e8662ea10f138d7c47a3ae\spring-tx-5.3.19.jar;C:\Users\diogo\.gradle\caches\modules-2\files-2.1\org.springframework.retry\spring-retry\1.3.3\13a6f4edb1f5a8956ec6aa867757e325bc98eee7\spring-retry-1.3.3.jar;C:\Users\diogo\.gradle\caches\modules-2\files-2.1\org.apache.kafka\kafka_2.13\3.0.1\cf82031f069c6b830cf7a5853c82caa0e6342100\kafka_2.13-3.0.1.jar;C:\Users\diogo\.gradle\caches\modules-2\files-2.1\org.apache.kafka\kafka_2.13\3.0.1\286f7a6bd9dfeffcb4eb37877a449f44da4f780d\kafka_2.13-3.0.1-test.jar;C:\Users\diogo\.gradle\caches\modules-2\files-2.1\org.apache.kafka\kafka-metadata\3.0.1\5e7fbd57be3c4a99b4adf2a982dbacbc245a2c74\kafka-metadata-3.0.1.jar;C:\Users\diogo\.gradle\caches\modules-2\files-2.1\org.apache.kafka\kafka-streams-test-utils\3.0.1\50401fbf3b82961dee00e532495c5297dbedd125\kafka-streams-test-utils-3.0.1.jar;C:\Users\diogo\.gradle\caches\modules-2\files-2.1\org.apache.kafka\kafka-raft\3.0.1\ed02ae7707a2679653183c4cfbb0e8e2583a4e02\kafka-raft-3.0.1.jar;C:\Users\diogo\.gradle\caches\modules-2\files-2.1\org.apache.kafka\kafka-storage\3.0.1\cb8fce9e5e5867bf28c94611d69202485b20eb6f\kafka-storage-3.0.1.jar;C:\Users\diogo\.gradle\caches\modules-2\files-2.1\org.apache.kafka\kafka-server-common\3.0.1\3d19fc94a22425f84f32d3bd6beb6654517e4c71\kafka-server-common-3.0.1.jar;C:\Users\diogo\.gradle\caches\modules-2\files-2.1\org.apache.kafka\kafka-streams\3.0.1\7708316a4d66c02d5072100ccbc6fa7cb3a09602\kafka-streams-3.0.1.jar;C:\Users\diogo\.gradle\caches\modules-2\files-2.1\org.apache.kafka\kafka-storage-api\3.0.1\c9f22ad76b145888b3f4b8bcdefa670ba80084b9\kafka-storage-api-3.0.1.jar;C:\Users\diogo\.gradle\caches\modules-2\files-2.1\org.apache.kafka\kafka-clients\3.0.1\8f931e45e96e952728d540829e5bde9d79fab172\kafka-clients-3.0.1.jar;C:\Users\diogo\.gradle\caches\modules-2\files-2.1\org.apache.kafka\kafka-clients\3.0.1\da500d6dfd3447f56df88dad8ab7ba801150fa4c\kafka-clients-3.0.1-test.jar;C:\Users\diogo\.gradle\caches\modules-2\files-2.1\com.google.code.findbugs\jsr305\3.0.2\25ea2e8b0c338a877313bd4672d3fe056ea78f0d\jsr305-3.0.2.jar;C:\Users\diogo\.gradle\caches\modules-2\files-2.1\com.jayway.jsonpath\json-path\2.6.0\67f565b424f7903a12d4f5b9361b11462ecacdac\json-path-2.6.0.jar;C:\Users\diogo\.gradle\caches\modules-2\files-2.1\jakarta.xml.bind\jakarta.xml.bind-api\2.3.3\48e3b9cfc10752fba3521d6511f4165bea951801\jakarta.xml.bind-api-2.3.3.jar;C:\Users\diogo\.gradle\caches\modules-2\files-2.1\org.assertj\assertj-core\3.21.0\27a14d6d22c4e3d58f799fb2a5ca8eaf53e6942a\assertj-core-3.21.0.jar;C:\Users\diogo\.gradle\caches\modules-2\files-2.1\org.hamcrest\hamcrest\2.2\1820c0968dba3a11a1b30669bb1f01978a91dedc\hamcrest-2.2.jar;C:\Users\diogo\.gradle\caches\modules-2\files-2.1\org.mockito\mockito-junit-jupiter\4.0.0\b76de25bd6e5d8f7924d0536729c0076e37e9396\mockito-junit-jupiter-4.0.0.jar;C:\Users\diogo\.gradle\caches\modules-2\files-2.1\org.junit.jupiter\junit-jupiter-params\5.8.2\ddeafe92fc263f895bfb73ffeca7fd56e23c2cce\junit-jupiter-params-5.8.2.jar;C:\Users\diogo\.gradle\caches\modules-2\files-2.1\org.junit.jupiter\junit-jupiter-engine\5.8.2\c598b4328d2f397194d11df3b1648d68d7d990e3\junit-jupiter-engine-5.8.2.jar;C:\Users\diogo\.gradle\caches\modules-2\files-2.1\org.junit.jupiter\junit-jupiter-api\5.8.2\4c21029217adf07e4c0d0c5e192b6bf610c94bdc\junit-jupiter-api-5.8.2.jar;C:\Users\diogo\.gradle\caches\modules-2\files-2.1\org.junit.platform\junit-platform-engine\1.8.2\b737de09f19864bd136805c84df7999a142fec29\junit-platform-engine-1.8.2.jar;C:\Users\diogo\.gradle\caches\modules-2\files-2.1\org.junit.platform\junit-platform-commons\1.8.2\32c8b8617c1342376fd5af2053da6410d8866861\junit-platform-commons-1.8.2.jar;C:\Users\diogo\.gradle\caches\modules-2\files-2.1\org.junit.jupiter\junit-jupiter\5.8.2\5a817b1e63f1217e5c586090c45e681281f097ad\junit-jupiter-5.8.2.jar;C:\Users\diogo\.gradle\caches\modules-2\files-2.1\org.mockito\mockito-core\4.0.0\f5195e0c4a45716bbd2d1d29173adbd148acce3a\mockito-core-4.0.0.jar;C:\Users\diogo\.gradle\caches\modules-2\files-2.1\org.skyscreamer\jsonassert\1.5.0\6c9d5fe2f59da598d9aefc1cfc6528ff3cf32df3\jsonassert-1.5.0.jar;C:\Users\diogo\.gradle\caches\modules-2\files-2.1\org.springframework\spring-test\5.3.19\84d0f06bfe2433173880240808203b69bc40244\spring-test-5.3.19.jar;C:\Users\diogo\.gradle\caches\modules-2\files-2.1\org.springframework\spring-aop\5.3.19\339b0ad295a7af51ac716bd89d36a4fb0febaf5d\spring-aop-5.3.19.jar;C:\Users\diogo\.gradle\caches\modules-2\files-2.1\org.springframework\spring-beans\5.3.19\4bc68c392ed320c9ab5dc439d7f2deb83f03fe76\spring-beans-5.3.19.jar;C:\Users\diogo\.gradle\caches\modules-2\files-2.1\org.springframework\spring-expression\5.3.19\14346b7b84721f61d2b23d3c8baa60c6655527a6\spring-expression-5.3.19.jar;C:\Users\diogo\.gradle\caches\modules-2\files-2.1\org.springframework\spring-core\5.3.19\344ff3b291d7fdfdb08e865f26238a6caa86acc5\spring-core-5.3.19.jar;C:\Users\diogo\.gradle\caches\modules-2\files-2.1\org.xmlunit\xmlunit-core\2.8.4\35be57989ca80eefa03161b211630e319a8f36c6\xmlunit-core-2.8.4.jar;C:\Users\diogo\.gradle\caches\modules-2\files-2.1\org.apache.zookeeper\zookeeper\3.6.3\a6e74f826db85ff8c51c15ef0fa2ea0b462aef25\zookeeper-3.6.3.jar;C:\Users\diogo\.gradle\caches\modules-2\files-2.1\org.springframework.boot\spring-boot-starter-logging\2.6.7\b49b159bb93086c76fa42555ca074c7ebe9d5fe6\spring-boot-starter-logging-2.6.7.jar;C:\Users\diogo\.gradle\caches\modules-2\files-2.1\jakarta.annotation\jakarta.annotation-api\1.3.5\59eb84ee0d616332ff44aba065f3888cf002cd2d\jakarta.annotation-api-1.3.5.jar;C:\Users\diogo\.gradle\caches\modules-2\files-2.1\org.yaml\snakeyaml\1.29\6d0cdafb2010f1297e574656551d7145240f6e25\snakeyaml-1.29.jar;C:\Users\diogo\.gradle\caches\modules-2\files-2.1\com.fasterxml.jackson.datatype\jackson-datatype-jsr310\2.13.2\cddd9380efd4b81ea01e98be8fbdc9765a81793b\jackson-datatype-jsr310-2.13.2.jar;C:\Users\diogo\.gradle\caches\modules-2\files-2.1\com.fasterxml.jackson.module\jackson-module-parameter-names\2.13.2\c406ec37f89125d1003093d5b96d216dc967153c\jackson-module-parameter-names-2.13.2.jar;C:\Users\diogo\.gradle\caches\modules-2\files-2.1\com.fasterxml.jackson.dataformat\jackson-dataformat-csv\2.13.2\b27d128a85226e144f6e791aac1ddcd9f436a26f\jackson-dataformat-csv-2.13.2.jar;C:\Users\diogo\.gradle\caches\modules-2\files-2.1\com.fasterxml.jackson.module\jackson-module-scala_2.13\2.13.2\e82cea98763d0d34e0fb35851721d6a757400dfb\jackson-module-scala_2.13-2.13.2.jar;C:\Users\diogo\.gradle\caches\modules-2\files-2.1\com.fasterxml.jackson.core\jackson-annotations\2.13.2\ec18851f1976d5b810ae1a5fcc32520d2d38f77a\jackson-annotations-2.13.2.jar;C:\Users\diogo\.gradle\caches\modules-2\files-2.1\com.fasterxml.jackson.core\jackson-core\2.13.2\a6a0e0620d51833feffc67bccb51937b2345763\jackson-core-2.13.2.jar;C:\Users\diogo\.gradle\caches\modules-2\files-2.1\com.fasterxml.jackson.datatype\jackson-datatype-jdk8\2.13.2\95f59cf63c3aadc1549578254af839a9c42ae84f\jackson-datatype-jdk8-2.13.2.jar;C:\Users\diogo\.gradle\caches\modules-2\files-2.1\com.fasterxml.jackson.core\jackson-databind\2.13.2.1\919754c0de3c2f22187e07318da1766f7583b5f7\jackson-databind-2.13.2.1.jar;C:\Users\diogo\.gradle\caches\modules-2\files-2.1\org.apache.tomcat.embed\tomcat-embed-websocket\9.0.62\ec38be10be20b949d8ba6754b5cfa807016820e2\tomcat-embed-websocket-9.0.62.jar;C:\Users\diogo\.gradle\caches\modules-2\files-2.1\org.apache.tomcat.embed\tomcat-embed-core\9.0.62\5cfba48171140b53d53f730633cc6310fa63e12\tomcat-embed-core-9.0.62.jar;C:\Users\diogo\.gradle\caches\modules-2\files-2.1\org.apache.tomcat.embed\tomcat-embed-el\9.0.62\59c3618dc742094fdbfc0bb13080fd98edaee55d\tomcat-embed-el-9.0.62.jar;C:\Users\diogo\.gradle\caches\modules-2\files-2.1\com.github.luben\zstd-jni\1.5.0-2\52fc9e353b4e84f8a87ebc9c5c59e58c91d5d23d\zstd-jni-1.5.0-2.jar;C:\Users\diogo\.gradle\caches\modules-2\files-2.1\org.lz4\lz4-java\1.7.1\c4d931ef8ad2c9c35d65b231a33e61428472d0da\lz4-java-1.7.1.jar;C:\Users\diogo\.gradle\caches\modules-2\files-2.1\org.xerial.snappy\snappy-java\1.1.8.1\d30aaf4d41d6ff0c760c8931d3b8dafc0293c91a\snappy-java-1.1.8.1.jar;C:\Users\diogo\.gradle\caches\modules-2\files-2.1\com.yammer.metrics\metrics-core\2.2.0\f82c035cfa786d3cbec362c38c22a5f5b1bc8724\metrics-core-2.2.0.jar;C:\Users\diogo\.gradle\caches\modules-2\files-2.1\com.typesafe.scala-logging\scala-logging_2.13\3.9.3\d97c3bcdcf6179e110af8ad2a64ca276843395c1\scala-logging_2.13-3.9.3.jar;C:\Users\diogo\.gradle\caches\modules-2\files-2.1\io.dropwizard.metrics\metrics-core\4.2.9\51d9d40d9388862d6425e8663759fedd45a06e84\metrics-core-4.2.9.jar;C:\Users\diogo\.gradle\caches\modules-2\files-2.1\ch.qos.logback\logback-classic\1.2.11\4741689214e9d1e8408b206506cbe76d1c6a7d60\logback-classic-1.2.11.jar;C:\Users\diogo\.gradle\caches\modules-2\files-2.1\org.apache.logging.log4j\log4j-to-slf4j\2.17.2\17dd0fae2747d9a28c67bc9534108823d2376b46\log4j-to-slf4j-2.17.2.jar;C:\Users\diogo\.gradle\caches\modules-2\files-2.1\org.slf4j\jul-to-slf4j\1.7.36\ed46d81cef9c412a88caef405b58f93a678ff2ca\jul-to-slf4j-1.7.36.jar;C:\Users\diogo\.gradle\caches\modules-2\files-2.1\org.slf4j\slf4j-api\1.7.36\6c62681a2f655b49963a5983b8b0950a6120ae14\slf4j-api-1.7.36.jar;C:\Users\diogo\.gradle\caches\modules-2\files-2.1\net.minidev\json-smart\2.4.8\7c62f5f72ab05eb54d40e2abf0360a2fe9ea477f\json-smart-2.4.8.jar;C:\Users\diogo\.gradle\caches\modules-2\files-2.1\jakarta.activation\jakarta.activation-api\1.2.2\99f53adba383cb1bf7c3862844488574b559621f\jakarta.activation-api-1.2.2.jar;C:\Users\diogo\.gradle\caches\modules-2\files-2.1\net.bytebuddy\byte-buddy\1.11.22\8b4c7fa5562a09da1c2a9ab0873cb51f5034d83f\byte-buddy-1.11.22.jar;C:\Users\diogo\.gradle\caches\modules-2\files-2.1\net.bytebuddy\byte-buddy-agent\1.11.22\2fbcf3210dfc09b42242e3b66a5281cc5b9adb80\byte-buddy-agent-1.11.22.jar;C:\Users\diogo\.gradle\caches\modules-2\files-2.1\org.objenesis\objenesis\3.2\7fadf57620c8b8abdf7519533e5527367cb51f09\objenesis-3.2.jar;C:\Users\diogo\.gradle\caches\modules-2\files-2.1\com.vaadin.external.google\android-json\0.0.20131108.vaadin1\fa26d351fe62a6a17f5cda1287c1c6110dec413f\android-json-0.0.20131108.vaadin1.jar;C:\Users\diogo\.gradle\caches\modules-2\files-2.1\org.springframework\spring-jcl\5.3.19\eae3d8b8728133782d9e41f9b3ecbd19a4146114\spring-jcl-5.3.19.jar;C:\Users\diogo\.gradle\caches\modules-2\files-2.1\org.apache.zookeeper\zookeeper-jute\3.6.3\8990d19ec3db01f45f82d4011a11b085db66de05\zookeeper-jute-3.6.3.jar;C:\Users\diogo\.gradle\caches\modules-2\files-2.1\org.apache.yetus\audience-annotations\0.5.0\55762d3191a8d6610ef46d11e8cb70c7667342a3\audience-annotations-0.5.0.jar;C:\Users\diogo\.gradle\caches\modules-2\files-2.1\io.netty\netty-handler\4.1.76.Final\36a48583fa7da27be829b843d7eee9a8d89428e3\netty-handler-4.1.76.Final.jar;C:\Users\diogo\.gradle\caches\modules-2\files-2.1\io.netty\netty-transport-native-epoll\4.1.76.Final\e47ddc4704cb6d05e6503217ebe00ef8cee193f2\netty-transport-native-epoll-4.1.76.Final.jar;C:\Users\diogo\.gradle\caches\modules-2\files-2.1\net.sourceforge.argparse4j\argparse4j\0.7.0\6f0621d0c3888de39e0f06d01f37ba53a798e657\argparse4j-0.7.0.jar;C:\Users\diogo\.gradle\caches\modules-2\files-2.1\net.sf.jopt-simple\jopt-simple\5.0.4\4fdac2fbe92dfad86aa6e9301736f6b4342a3f5c\jopt-simple-5.0.4.jar;C:\Users\diogo\.gradle\caches\modules-2\files-2.1\org.scala-lang.modules\scala-collection-compat_2.13\2.4.4\9cb262981ba1fac1f25c0e7e2b285d536ec8923b\scala-collection-compat_2.13-2.4.4.jar;C:\Users\diogo\.gradle\caches\modules-2\files-2.1\org.scala-lang.modules\scala-java8-compat_2.13\1.0.0\8ffac68615b438933fe27506e755d790a68b8bab\scala-java8-compat_2.13-1.0.0.jar;C:\Users\diogo\.gradle\caches\modules-2\files-2.1\org.scala-lang\scala-reflect\2.13.6\bb523e56c63746a5752dece28fcd702c54fd3a11\scala-reflect-2.13.6.jar;C:\Users\diogo\.gradle\caches\modules-2\files-2.1\commons-cli\commons-cli\1.4\c51c00206bb913cd8612b24abd9fa98ae89719b1\commons-cli-1.4.jar;C:\Users\diogo\.gradle\caches\modules-2\files-2.1\org.scala-lang\scala-library\2.13.6\ed7a2f528c7389ea65746c22a01031613d98ab3d\scala-library-2.13.6.jar;C:\Users\diogo\.gradle\caches\modules-2\files-2.1\org.opentest4j\opentest4j\1.2.0\28c11eb91f9b6d8e200631d46e20a7f407f2a046\opentest4j-1.2.0.jar;C:\Users\diogo\.gradle\caches\modules-2\files-2.1\net.minidev\accessors-smart\2.4.8\6e1bee5a530caba91893604d6ab41d0edcecca9a\accessors-smart-2.4.8.jar;C:\Users\diogo\.gradle\caches\modules-2\files-2.1\io.netty\netty-codec\4.1.76.Final\42b95ef41b928284842acf36a22547ba8a09fe5\netty-codec-4.1.76.Final.jar;C:\Users\diogo\.gradle\caches\modules-2\files-2.1\io.netty\netty-transport-classes-epoll\4.1.76.Final\921b92a76116674218af3dc4bbf43d73884e4146\netty-transport-classes-epoll-4.1.76.Final.jar;C:\Users\diogo\.gradle\caches\modules-2\files-2.1\io.netty\netty-transport-native-unix-common\4.1.76.Final\d5ed8c4be9680203c53f7ed788225c12c4d87ee0\netty-transport-native-unix-common-4.1.76.Final.jar;C:\Users\diogo\.gradle\caches\modules-2\files-2.1\io.netty\netty-transport\4.1.76.Final\f01d2f935005b6fdb2fedc23114d2ae717749c36\netty-transport-4.1.76.Final.jar;C:\Users\diogo\.gradle\caches\modules-2\files-2.1\io.netty\netty-resolver\4.1.76.Final\e0b225a33772cb7bba73dc296cccefa6826ab8cc\netty-resolver-4.1.76.Final.jar;C:\Users\diogo\.gradle\caches\modules-2\files-2.1\io.netty\netty-buffer\4.1.76.Final\231f5042a5050773eb22a918e84daff3f00892f2\netty-buffer-4.1.76.Final.jar;C:\Users\diogo\.gradle\caches\modules-2\files-2.1\io.netty\netty-common\4.1.76.Final\38d0b500f098dc89497b6e608d7427186f533cf0\netty-common-4.1.76.Final.jar;C:\Users\diogo\.gradle\caches\modules-2\files-2.1\org.rocksdb\rocksdbjni\6.19.3\54bb5df7d522a90b94f647b40d216e285f052a54\rocksdbjni-6.19.3.jar;C:\Users\diogo\.gradle\caches\modules-2\files-2.1\com.thoughtworks.paranamer\paranamer\2.8\619eba74c19ccf1da8ebec97a2d7f8ba05773dd6\paranamer-2.8.jar;C:\Users\diogo\.gradle\caches\modules-2\files-2.1\ch.qos.logback\logback-core\1.2.11\a01230df5ca5c34540cdaa3ad5efb012f1f1f792\logback-core-1.2.11.jar;C:\Users\diogo\.gradle\caches\modules-2\files-2.1\org.apache.logging.log4j\log4j-api\2.17.2\f42d6afa111b4dec5d2aea0fe2197240749a4ea6\log4j-api-2.17.2.jar;C:\Users\diogo\.gradle\caches\modules-2\files-2.1\org.ow2.asm\asm\9.1\a99500cf6eea30535eeac6be73899d048f8d12a8\asm-9.1.jar
2022-04-30 21:06:34.995  INFO 22336 --- [    Test worker] o.a.zookeeper.server.ZooKeeperServer     : Server environment:java.library.path=C:\Users\diogo\.jdks\corretto-11.0.12\bin;C:\Windows\Sun\Java\bin;C:\Windows\system32;C:\Windows;C:\Program Files\Common Files\Oracle\Java\javapath;C:\Windows\system32;C:\Windows;C:\Windows\System32\Wbem;C:\Windows\System32\WindowsPowerShell\v1.0\;C:\Windows\System32\OpenSSH\;C:\Program Files (x86)\NVIDIA Corporation\PhysX\Common;C:\Program Files\NVIDIA Corporation\NVIDIA NvDLISR;C:\Program Files\Java\jdk-16.0.2\bin;C:\Program Files\Git\cmd;C:\Program Files\gradle-6.9.1\bin;C:\Program Files\apache-maven-3.8.2\bin;C:\Program Files\nodejs\;C:\Program Files\Docker\Docker\resources\bin;C:\ProgramData\DockerDesktop\version-bin;C:\Program Files\Common Files\Oracle\Java\javapath;C:\Windows\system32;C:\Windows;C:\Windows\System32\Wbem;C:\Windows\System32\WindowsPowerShell\v1.0\;C:\Windows\System32\OpenSSH\;C:\Program Files (x86)\NVIDIA Corporation\PhysX\Common;C:\Program Files\NVIDIA Corporation\NVIDIA NvDLISR;C:\Program Files\Java\jdk-16.0.2\bin;C:\Program Files\Git\cmd;C:\Program Files\gradle-6.9.1\bin;C:\Program Files\apache-maven-3.8.2\bin;C:\Program Files\nodejs\;C:\Program Files\Docker\Docker\resources\bin;C:\ProgramData\DockerDesktop\version-bin;C:\WebDriver\bin;C:\Users\diogo\AppData\Local\Programs\Microsoft VS Code\bin;.
2022-04-30 21:06:34.995  INFO 22336 --- [    Test worker] o.a.zookeeper.server.ZooKeeperServer     : Server environment:java.io.tmpdir=C:\Users\diogo\AppData\Local\Temp\
2022-04-30 21:06:34.995  INFO 22336 --- [    Test worker] o.a.zookeeper.server.ZooKeeperServer     : Server environment:java.compiler=<NA>
2022-04-30 21:06:34.995  INFO 22336 --- [    Test worker] o.a.zookeeper.server.ZooKeeperServer     : Server environment:os.name=Windows 10
2022-04-30 21:06:34.996  INFO 22336 --- [    Test worker] o.a.zookeeper.server.ZooKeeperServer     : Server environment:os.arch=amd64
2022-04-30 21:06:34.996  INFO 22336 --- [    Test worker] o.a.zookeeper.server.ZooKeeperServer     : Server environment:os.version=10.0
2022-04-30 21:06:34.996  INFO 22336 --- [    Test worker] o.a.zookeeper.server.ZooKeeperServer     : Server environment:user.name=diogo
2022-04-30 21:06:34.996  INFO 22336 --- [    Test worker] o.a.zookeeper.server.ZooKeeperServer     : Server environment:user.home=C:\Users\diogo
2022-04-30 21:06:34.996  INFO 22336 --- [    Test worker] o.a.zookeeper.server.ZooKeeperServer     : Server environment:user.dir=C:\Users\diogo\OneDrive\Documentos\IT Course\Java\Kafka\library-events-producer
2022-04-30 21:06:34.996  INFO 22336 --- [    Test worker] o.a.zookeeper.server.ZooKeeperServer     : Server environment:os.memory.free=111MB
2022-04-30 21:06:34.996  INFO 22336 --- [    Test worker] o.a.zookeeper.server.ZooKeeperServer     : Server environment:os.memory.max=512MB
2022-04-30 21:06:34.996  INFO 22336 --- [    Test worker] o.a.zookeeper.server.ZooKeeperServer     : Server environment:os.memory.total=126MB
2022-04-30 21:06:34.997  INFO 22336 --- [    Test worker] o.a.zookeeper.server.ZooKeeperServer     : zookeeper.enableEagerACLCheck = false
2022-04-30 21:06:34.999  INFO 22336 --- [    Test worker] o.a.zookeeper.server.ZooKeeperServer     : zookeeper.digest.enabled = true
2022-04-30 21:06:34.999  INFO 22336 --- [    Test worker] o.a.zookeeper.server.ZooKeeperServer     : zookeeper.closeSessionTxn.enabled = true
2022-04-30 21:06:35.000  INFO 22336 --- [    Test worker] o.a.zookeeper.server.ZooKeeperServer     : zookeeper.flushDelay=0
2022-04-30 21:06:35.000  INFO 22336 --- [    Test worker] o.a.zookeeper.server.ZooKeeperServer     : zookeeper.maxWriteQueuePollTime=0
2022-04-30 21:06:35.000  INFO 22336 --- [    Test worker] o.a.zookeeper.server.ZooKeeperServer     : zookeeper.maxBatchSize=1000
2022-04-30 21:06:35.000  INFO 22336 --- [    Test worker] o.a.zookeeper.server.ZooKeeperServer     : zookeeper.intBufferStartingSizeBytes = 1024
2022-04-30 21:06:35.005  INFO 22336 --- [    Test worker] o.a.z.server.persistence.FileTxnSnapLog  : zookeeper.snapshot.trust.empty : false
2022-04-30 21:06:35.028  INFO 22336 --- [    Test worker] o.a.z.server.watch.WatchManagerFactory   : Using org.apache.zookeeper.server.watch.WatchManager as watch manager
2022-04-30 21:06:35.028  INFO 22336 --- [    Test worker] o.a.z.server.watch.WatchManagerFactory   : Using org.apache.zookeeper.server.watch.WatchManager as watch manager
2022-04-30 21:06:35.029  INFO 22336 --- [    Test worker] org.apache.zookeeper.server.ZKDatabase   : zookeeper.snapshotSizeFactor = 0.33
2022-04-30 21:06:35.030  INFO 22336 --- [    Test worker] org.apache.zookeeper.server.ZKDatabase   : zookeeper.commitLogCount=500
2022-04-30 21:06:35.034  INFO 22336 --- [    Test worker] o.apache.zookeeper.server.BlueThrottle   : Weighed connection throttling is disabled
2022-04-30 21:06:35.037  INFO 22336 --- [    Test worker] o.a.zookeeper.server.ZooKeeperServer     : minSessionTimeout set to 1600
2022-04-30 21:06:35.037  INFO 22336 --- [    Test worker] o.a.zookeeper.server.ZooKeeperServer     : maxSessionTimeout set to 16000
2022-04-30 21:06:35.038  INFO 22336 --- [    Test worker] o.apache.zookeeper.server.ResponseCache  : Response cache size is initialized with value 400.
2022-04-30 21:06:35.038  INFO 22336 --- [    Test worker] o.apache.zookeeper.server.ResponseCache  : Response cache size is initialized with value 400.
2022-04-30 21:06:35.040  INFO 22336 --- [    Test worker] o.a.z.s.u.RequestPathMetricsCollector    : zookeeper.pathStats.slotCapacity = 60
2022-04-30 21:06:35.041  INFO 22336 --- [    Test worker] o.a.z.s.u.RequestPathMetricsCollector    : zookeeper.pathStats.slotDuration = 15
2022-04-30 21:06:35.041  INFO 22336 --- [    Test worker] o.a.z.s.u.RequestPathMetricsCollector    : zookeeper.pathStats.maxDepth = 6
2022-04-30 21:06:35.041  INFO 22336 --- [    Test worker] o.a.z.s.u.RequestPathMetricsCollector    : zookeeper.pathStats.initialDelay = 5
2022-04-30 21:06:35.041  INFO 22336 --- [    Test worker] o.a.z.s.u.RequestPathMetricsCollector    : zookeeper.pathStats.delay = 5
2022-04-30 21:06:35.041  INFO 22336 --- [    Test worker] o.a.z.s.u.RequestPathMetricsCollector    : zookeeper.pathStats.enabled = false
2022-04-30 21:06:35.045  INFO 22336 --- [    Test worker] o.a.zookeeper.server.ZooKeeperServer     : The max bytes for all large requests are set to 104857600
2022-04-30 21:06:35.045  INFO 22336 --- [    Test worker] o.a.zookeeper.server.ZooKeeperServer     : The large request threshold is set to -1
2022-04-30 21:06:35.045  INFO 22336 --- [    Test worker] o.a.zookeeper.server.ZooKeeperServer     : Created server with tickTime 800 minSessionTimeout 1600 maxSessionTimeout 16000 clientPortListenBacklog -1 datadir C:\Users\diogo\AppData\Local\Temp\kafka-13872828383473777892\version-2 snapdir C:\Users\diogo\AppData\Local\Temp\kafka-8493944678251660973\version-2
2022-04-30 21:06:35.055  WARN 22336 --- [    Test worker] o.a.zookeeper.server.ServerCnxnFactory   : maxCnxns is not configured, using default value 0.
2022-04-30 21:06:35.057  INFO 22336 --- [    Test worker] o.a.z.server.NIOServerCnxnFactory        : Configuring NIO connection handler with 10s sessionless connection timeout, 2 selector thread(s), 16 worker threads, and 64 kB direct buffers.
2022-04-30 21:06:35.061  INFO 22336 --- [    Test worker] o.a.z.server.NIOServerCnxnFactory        : binding to port /127.0.0.1:0
2022-04-30 21:06:35.083  INFO 22336 --- [    Test worker] o.a.z.server.persistence.SnapStream      : zookeeper.snapshot.compression.method = CHECKED
2022-04-30 21:06:35.084  INFO 22336 --- [    Test worker] o.a.z.server.persistence.FileTxnSnapLog  : Snapshotting: 0x0 to C:\Users\diogo\AppData\Local\Temp\kafka-8493944678251660973\version-2\snapshot.0
2022-04-30 21:06:35.091  INFO 22336 --- [    Test worker] org.apache.zookeeper.server.ZKDatabase   : Snapshot loaded in 25 ms, highest zxid is 0x0, digest is 1371985504
2022-04-30 21:06:35.091  INFO 22336 --- [    Test worker] o.a.z.server.persistence.FileTxnSnapLog  : Snapshotting: 0x0 to C:\Users\diogo\AppData\Local\Temp\kafka-8493944678251660973\version-2\snapshot.0
2022-04-30 21:06:35.092  INFO 22336 --- [    Test worker] o.a.zookeeper.server.ZooKeeperServer     : Snapshot taken in 0 ms
2022-04-30 21:06:35.105  INFO 22336 --- [0 cport:65317):] o.a.z.server.PrepRequestProcessor        : PrepRequestProcessor (sid:0) started, reconfigEnabled=false
2022-04-30 21:06:35.106  INFO 22336 --- [    Test worker] o.a.zookeeper.server.RequestThrottler    : zookeeper.request_throttler.shutdownTimeout = 10000
2022-04-30 21:06:35.401  INFO 22336 --- [    Test worker] kafka.server.KafkaConfig                 : KafkaConfig values: 
	advertised.listeners = null
	alter.config.policy.class.name = null
	alter.log.dirs.replication.quota.window.num = 11
	alter.log.dirs.replication.quota.window.size.seconds = 1
	authorizer.class.name = 
	auto.create.topics.enable = true
	auto.leader.rebalance.enable = true
	background.threads = 10
	broker.heartbeat.interval.ms = 2000
	broker.id = 0
	broker.id.generation.enable = true
	broker.rack = null
	broker.session.timeout.ms = 9000
	client.quota.callback.class = null
	compression.type = producer
	connection.failed.authentication.delay.ms = 100
	connections.max.idle.ms = 600000
	connections.max.reauth.ms = 0
	control.plane.listener.name = null
	controlled.shutdown.enable = false
	controlled.shutdown.max.retries = 3
	controlled.shutdown.retry.backoff.ms = 100
	controller.listener.names = null
	controller.quorum.append.linger.ms = 25
	controller.quorum.election.backoff.max.ms = 1000
	controller.quorum.election.timeout.ms = 1000
	controller.quorum.fetch.timeout.ms = 2000
	controller.quorum.request.timeout.ms = 2000
	controller.quorum.retry.backoff.ms = 20
	controller.quorum.voters = []
	controller.quota.window.num = 11
	controller.quota.window.size.seconds = 1
	controller.socket.timeout.ms = 1000
	create.topic.policy.class.name = null
	default.replication.factor = 1
	delegation.token.expiry.check.interval.ms = 3600000
	delegation.token.expiry.time.ms = 86400000
	delegation.token.master.key = null
	delegation.token.max.lifetime.ms = 604800000
	delegation.token.secret.key = null
	delete.records.purgatory.purge.interval.requests = 1
	delete.topic.enable = true
	fetch.max.bytes = 57671680
	fetch.purgatory.purge.interval.requests = 1000
	group.initial.rebalance.delay.ms = 0
	group.max.session.timeout.ms = 1800000
	group.max.size = 2147483647
	group.min.session.timeout.ms = 6000
	initial.broker.registration.timeout.ms = 60000
	inter.broker.listener.name = null
	inter.broker.protocol.version = 3.0-IV1
	kafka.metrics.polling.interval.secs = 10
	kafka.metrics.reporters = []
	leader.imbalance.check.interval.seconds = 300
	leader.imbalance.per.broker.percentage = 10
	listener.security.protocol.map = PLAINTEXT:PLAINTEXT,SSL:SSL,SASL_PLAINTEXT:SASL_PLAINTEXT,SASL_SSL:SASL_SSL
	listeners = PLAINTEXT://localhost:0
	log.cleaner.backoff.ms = 15000
	log.cleaner.dedupe.buffer.size = 2097152
	log.cleaner.delete.retention.ms = 86400000
	log.cleaner.enable = true
	log.cleaner.io.buffer.load.factor = 0.9
	log.cleaner.io.buffer.size = 524288
	log.cleaner.io.max.bytes.per.second = 1.7976931348623157E308
	log.cleaner.max.compaction.lag.ms = 9223372036854775807
	log.cleaner.min.cleanable.ratio = 0.5
	log.cleaner.min.compaction.lag.ms = 0
	log.cleaner.threads = 1
	log.cleanup.policy = [delete]
	log.dir = C:\Users\diogo\AppData\Local\Temp\spring.kafka.1e4d4519-5487-4d69-83cd-38d6530fa8475096079429126021725
	log.dirs = null
	log.flush.interval.messages = 9223372036854775807
	log.flush.interval.ms = null
	log.flush.offset.checkpoint.interval.ms = 60000
	log.flush.scheduler.interval.ms = 9223372036854775807
	log.flush.start.offset.checkpoint.interval.ms = 60000
	log.index.interval.bytes = 4096
	log.index.size.max.bytes = 10485760
	log.message.downconversion.enable = true
	log.message.format.version = 3.0-IV1
	log.message.timestamp.difference.max.ms = 9223372036854775807
	log.message.timestamp.type = CreateTime
	log.preallocate = false
	log.retention.bytes = -1
	log.retention.check.interval.ms = 300000
	log.retention.hours = 168
	log.retention.minutes = null
	log.retention.ms = null
	log.roll.hours = 168
	log.roll.jitter.hours = 0
	log.roll.jitter.ms = null
	log.roll.ms = null
	log.segment.bytes = 1073741824
	log.segment.delete.delay.ms = 1000
	max.connection.creation.rate = 2147483647
	max.connections = 2147483647
	max.connections.per.ip = 2147483647
	max.connections.per.ip.overrides = 
	max.incremental.fetch.session.cache.slots = 1000
	message.max.bytes = 1048588
	metadata.log.dir = null
	metadata.log.max.record.bytes.between.snapshots = 20971520
	metadata.log.segment.bytes = 1073741824
	metadata.log.segment.min.bytes = 8388608
	metadata.log.segment.ms = 604800000
	metadata.max.retention.bytes = -1
	metadata.max.retention.ms = 604800000
	metric.reporters = []
	metrics.num.samples = 2
	metrics.recording.level = INFO
	metrics.sample.window.ms = 30000
	min.insync.replicas = 1
	node.id = -1
	num.io.threads = 8
	num.network.threads = 3
	num.partitions = 3
	num.recovery.threads.per.data.dir = 1
	num.replica.alter.log.dirs.threads = null
	num.replica.fetchers = 1
	offset.metadata.max.bytes = 4096
	offsets.commit.required.acks = -1
	offsets.commit.timeout.ms = 5000
	offsets.load.buffer.size = 5242880
	offsets.retention.check.interval.ms = 600000
	offsets.retention.minutes = 10080
	offsets.topic.compression.codec = 0
	offsets.topic.num.partitions = 5
	offsets.topic.replication.factor = 1
	offsets.topic.segment.bytes = 104857600
	password.encoder.cipher.algorithm = AES/CBC/PKCS5Padding
	password.encoder.iterations = 4096
	password.encoder.key.length = 128
	password.encoder.keyfactory.algorithm = null
	password.encoder.old.secret = null
	password.encoder.secret = null
	principal.builder.class = class org.apache.kafka.common.security.authenticator.DefaultKafkaPrincipalBuilder
	process.roles = []
	producer.purgatory.purge.interval.requests = 1000
	queued.max.request.bytes = -1
	queued.max.requests = 500
	quota.window.num = 11
	quota.window.size.seconds = 1
	remote.log.index.file.cache.total.size.bytes = 1073741824
	remote.log.manager.task.interval.ms = 30000
	remote.log.manager.task.retry.backoff.max.ms = 30000
	remote.log.manager.task.retry.backoff.ms = 500
	remote.log.manager.task.retry.jitter = 0.2
	remote.log.manager.thread.pool.size = 10
	remote.log.metadata.manager.class.name = null
	remote.log.metadata.manager.class.path = null
	remote.log.metadata.manager.impl.prefix = null
	remote.log.metadata.manager.listener.name = null
	remote.log.reader.max.pending.tasks = 100
	remote.log.reader.threads = 10
	remote.log.storage.manager.class.name = null
	remote.log.storage.manager.class.path = null
	remote.log.storage.manager.impl.prefix = null
	remote.log.storage.system.enable = false
	replica.fetch.backoff.ms = 1000
	replica.fetch.max.bytes = 1048576
	replica.fetch.min.bytes = 1
	replica.fetch.response.max.bytes = 10485760
	replica.fetch.wait.max.ms = 500
	replica.high.watermark.checkpoint.interval.ms = 9223372036854775807
	replica.lag.time.max.ms = 30000
	replica.selector.class = null
	replica.socket.receive.buffer.bytes = 65536
	replica.socket.timeout.ms = 1000
	replication.quota.window.num = 11
	replication.quota.window.size.seconds = 1
	request.timeout.ms = 30000
	reserved.broker.max.id = 1000
	sasl.client.callback.handler.class = null
	sasl.enabled.mechanisms = [GSSAPI]
	sasl.jaas.config = null
	sasl.kerberos.kinit.cmd = /usr/bin/kinit
	sasl.kerberos.min.time.before.relogin = 60000
	sasl.kerberos.principal.to.local.rules = [DEFAULT]
	sasl.kerberos.service.name = null
	sasl.kerberos.ticket.renew.jitter = 0.05
	sasl.kerberos.ticket.renew.window.factor = 0.8
	sasl.login.callback.handler.class = null
	sasl.login.class = null
	sasl.login.refresh.buffer.seconds = 300
	sasl.login.refresh.min.period.seconds = 60
	sasl.login.refresh.window.factor = 0.8
	sasl.login.refresh.window.jitter = 0.05
	sasl.mechanism.controller.protocol = GSSAPI
	sasl.mechanism.inter.broker.protocol = GSSAPI
	sasl.server.callback.handler.class = null
	security.inter.broker.protocol = PLAINTEXT
	security.providers = null
	socket.connection.setup.timeout.max.ms = 30000
	socket.connection.setup.timeout.ms = 10000
	socket.receive.buffer.bytes = 102400
	socket.request.max.bytes = 104857600
	socket.send.buffer.bytes = 102400
	ssl.cipher.suites = []
	ssl.client.auth = none
	ssl.enabled.protocols = [TLSv1.2, TLSv1.3]
	ssl.endpoint.identification.algorithm = https
	ssl.engine.factory.class = null
	ssl.key.password = null
	ssl.keymanager.algorithm = SunX509
	ssl.keystore.certificate.chain = null
	ssl.keystore.key = null
	ssl.keystore.location = null
	ssl.keystore.password = null
	ssl.keystore.type = JKS
	ssl.principal.mapping.rules = DEFAULT
	ssl.protocol = TLSv1.3
	ssl.provider = null
	ssl.secure.random.implementation = null
	ssl.trustmanager.algorithm = PKIX
	ssl.truststore.certificates = null
	ssl.truststore.location = null
	ssl.truststore.password = null
	ssl.truststore.type = JKS
	transaction.abort.timed.out.transaction.cleanup.interval.ms = 10000
	transaction.max.timeout.ms = 900000
	transaction.remove.expired.transaction.cleanup.interval.ms = 3600000
	transaction.state.log.load.buffer.size = 5242880
	transaction.state.log.min.isr = 2
	transaction.state.log.num.partitions = 50
	transaction.state.log.replication.factor = 3
	transaction.state.log.segment.bytes = 104857600
	transactional.id.expiration.ms = 604800000
	unclean.leader.election.enable = false
	zookeeper.clientCnxnSocket = null
	zookeeper.connect = 127.0.0.1:65317
	zookeeper.connection.timeout.ms = 10000
	zookeeper.max.in.flight.requests = 10
	zookeeper.session.timeout.ms = 18000
	zookeeper.set.acl = false
	zookeeper.ssl.cipher.suites = null
	zookeeper.ssl.client.enable = false
	zookeeper.ssl.crl.enable = false
	zookeeper.ssl.enabled.protocols = null
	zookeeper.ssl.endpoint.identification.algorithm = HTTPS
	zookeeper.ssl.keystore.location = null
	zookeeper.ssl.keystore.password = null
	zookeeper.ssl.keystore.type = null
	zookeeper.ssl.ocsp.enable = false
	zookeeper.ssl.protocol = TLSv1.2
	zookeeper.ssl.truststore.location = null
	zookeeper.ssl.truststore.password = null
	zookeeper.ssl.truststore.type = null
	zookeeper.sync.time.ms = 2000

2022-04-30 21:06:35.421  INFO 22336 --- [    Test worker] org.apache.zookeeper.common.X509Util     : Setting -D jdk.tls.rejectClientInitiatedRenegotiation=true to disable client-initiated TLS renegotiation
2022-04-30 21:06:35.502  INFO 22336 --- [    Test worker] kafka.server.KafkaServer                 : starting
2022-04-30 21:06:35.502  INFO 22336 --- [    Test worker] kafka.server.KafkaServer                 : Connecting to zookeeper on 127.0.0.1:65317
2022-04-30 21:06:35.521  INFO 22336 --- [    Test worker] kafka.zookeeper.ZooKeeperClient          : [ZooKeeperClient Kafka server] Initializing a new session to 127.0.0.1:65317.
2022-04-30 21:06:35.526  INFO 22336 --- [    Test worker] org.apache.zookeeper.ZooKeeper           : Client environment:zookeeper.version=3.6.3--6401e4ad2087061bc6b9f80dec2d69f2e3c8660a, built on 04/08/2021 16:35 GMT
2022-04-30 21:06:35.526  INFO 22336 --- [    Test worker] org.apache.zookeeper.ZooKeeper           : Client environment:host.name=LAPTOP-SA1L7A47.mshome.net
2022-04-30 21:06:35.526  INFO 22336 --- [    Test worker] org.apache.zookeeper.ZooKeeper           : Client environment:java.version=11.0.12
2022-04-30 21:06:35.527  INFO 22336 --- [    Test worker] org.apache.zookeeper.ZooKeeper           : Client environment:java.vendor=Amazon.com Inc.
2022-04-30 21:06:35.527  INFO 22336 --- [    Test worker] org.apache.zookeeper.ZooKeeper           : Client environment:java.home=C:\Users\diogo\.jdks\corretto-11.0.12
2022-04-30 21:06:35.527  INFO 22336 --- [    Test worker] org.apache.zookeeper.ZooKeeper           : Client environment:java.class.path=C:\Users\diogo\.gradle\caches\7.4.1\workerMain\gradle-worker.jar;C:\Users\diogo\OneDrive\Documentos\IT Course\Java\Kafka\library-events-producer\build\classes\java\test;C:\Users\diogo\OneDrive\Documentos\IT Course\Java\Kafka\library-events-producer\build\classes\java\main;C:\Users\diogo\OneDrive\Documentos\IT Course\Java\Kafka\library-events-producer\build\resources\main;C:\Users\diogo\.gradle\caches\modules-2\files-2.1\org.springframework.boot\spring-boot-starter-web\2.6.7\d877d6b14397f0c4b3a1611149a37eaf47f32195\spring-boot-starter-web-2.6.7.jar;C:\Users\diogo\.gradle\caches\modules-2\files-2.1\org.springframework.kafka\spring-kafka\2.8.5\a91593476f655566a3350628495c67314a88750b\spring-kafka-2.8.5.jar;C:\Users\diogo\.gradle\caches\modules-2\files-2.1\org.springframework.boot\spring-boot-starter-test\2.6.7\8fe7761bc8609b832d8cc1104ff59a0512ef9aaf\spring-boot-starter-test-2.6.7.jar;C:\Users\diogo\.gradle\caches\modules-2\files-2.1\org.springframework.kafka\spring-kafka-test\2.8.5\a241469897fd3c2a786b0099dfcf93b1ae5b81eb\spring-kafka-test-2.8.5.jar;C:\Users\diogo\.gradle\caches\modules-2\files-2.1\org.springframework.boot\spring-boot-starter-json\2.6.7\6f50e3003a0fff41ff571d52041146a19010761c\spring-boot-starter-json-2.6.7.jar;C:\Users\diogo\.gradle\caches\modules-2\files-2.1\org.springframework.boot\spring-boot-starter\2.6.7\59bd62cd60e6e7bb2a525931947c13548b207288\spring-boot-starter-2.6.7.jar;C:\Users\diogo\.gradle\caches\modules-2\files-2.1\org.springframework.boot\spring-boot-starter-tomcat\2.6.7\22b09d173a3ca971e2f344229c13a105695ee45c\spring-boot-starter-tomcat-2.6.7.jar;C:\Users\diogo\.gradle\caches\modules-2\files-2.1\org.springframework\spring-webmvc\5.3.19\ba2fc03a3bcc925458e1179ef88f5833fb1971d\spring-webmvc-5.3.19.jar;C:\Users\diogo\.gradle\caches\modules-2\files-2.1\org.springframework\spring-web\5.3.19\cdffc649d28d360d5891244e45277aa135ac647d\spring-web-5.3.19.jar;C:\Users\diogo\.gradle\caches\modules-2\files-2.1\org.springframework.boot\spring-boot-test-autoconfigure\2.6.7\b95d7d094604e315cbd0c7746d700acdddeee95d\spring-boot-test-autoconfigure-2.6.7.jar;C:\Users\diogo\.gradle\caches\modules-2\files-2.1\org.springframework.boot\spring-boot-test\2.6.7\78741985ff50aecc5cd2776c74804a288ffc208d\spring-boot-test-2.6.7.jar;C:\Users\diogo\.gradle\caches\modules-2\files-2.1\org.springframework.boot\spring-boot-autoconfigure\2.6.7\d96e51e7a13f16c07f60654071f157f99a0b99be\spring-boot-autoconfigure-2.6.7.jar;C:\Users\diogo\.gradle\caches\modules-2\files-2.1\org.springframework.boot\spring-boot\2.6.7\aef2fff50d49feb43a0726ab7e4945914186e06\spring-boot-2.6.7.jar;C:\Users\diogo\.gradle\caches\modules-2\files-2.1\org.springframework\spring-context\5.3.19\d663259767f8fb66229209db0422d65978235525\spring-context-5.3.19.jar;C:\Users\diogo\.gradle\caches\modules-2\files-2.1\org.springframework\spring-messaging\5.3.19\bd45ab911bcdf620e8ac8794c11e6dc4395b4533\spring-messaging-5.3.19.jar;C:\Users\diogo\.gradle\caches\modules-2\files-2.1\org.springframework\spring-tx\5.3.19\f0b442718e67000845e8662ea10f138d7c47a3ae\spring-tx-5.3.19.jar;C:\Users\diogo\.gradle\caches\modules-2\files-2.1\org.springframework.retry\spring-retry\1.3.3\13a6f4edb1f5a8956ec6aa867757e325bc98eee7\spring-retry-1.3.3.jar;C:\Users\diogo\.gradle\caches\modules-2\files-2.1\org.apache.kafka\kafka_2.13\3.0.1\cf82031f069c6b830cf7a5853c82caa0e6342100\kafka_2.13-3.0.1.jar;C:\Users\diogo\.gradle\caches\modules-2\files-2.1\org.apache.kafka\kafka_2.13\3.0.1\286f7a6bd9dfeffcb4eb37877a449f44da4f780d\kafka_2.13-3.0.1-test.jar;C:\Users\diogo\.gradle\caches\modules-2\files-2.1\org.apache.kafka\kafka-metadata\3.0.1\5e7fbd57be3c4a99b4adf2a982dbacbc245a2c74\kafka-metadata-3.0.1.jar;C:\Users\diogo\.gradle\caches\modules-2\files-2.1\org.apache.kafka\kafka-streams-test-utils\3.0.1\50401fbf3b82961dee00e532495c5297dbedd125\kafka-streams-test-utils-3.0.1.jar;C:\Users\diogo\.gradle\caches\modules-2\files-2.1\org.apache.kafka\kafka-raft\3.0.1\ed02ae7707a2679653183c4cfbb0e8e2583a4e02\kafka-raft-3.0.1.jar;C:\Users\diogo\.gradle\caches\modules-2\files-2.1\org.apache.kafka\kafka-storage\3.0.1\cb8fce9e5e5867bf28c94611d69202485b20eb6f\kafka-storage-3.0.1.jar;C:\Users\diogo\.gradle\caches\modules-2\files-2.1\org.apache.kafka\kafka-server-common\3.0.1\3d19fc94a22425f84f32d3bd6beb6654517e4c71\kafka-server-common-3.0.1.jar;C:\Users\diogo\.gradle\caches\modules-2\files-2.1\org.apache.kafka\kafka-streams\3.0.1\7708316a4d66c02d5072100ccbc6fa7cb3a09602\kafka-streams-3.0.1.jar;C:\Users\diogo\.gradle\caches\modules-2\files-2.1\org.apache.kafka\kafka-storage-api\3.0.1\c9f22ad76b145888b3f4b8bcdefa670ba80084b9\kafka-storage-api-3.0.1.jar;C:\Users\diogo\.gradle\caches\modules-2\files-2.1\org.apache.kafka\kafka-clients\3.0.1\8f931e45e96e952728d540829e5bde9d79fab172\kafka-clients-3.0.1.jar;C:\Users\diogo\.gradle\caches\modules-2\files-2.1\org.apache.kafka\kafka-clients\3.0.1\da500d6dfd3447f56df88dad8ab7ba801150fa4c\kafka-clients-3.0.1-test.jar;C:\Users\diogo\.gradle\caches\modules-2\files-2.1\com.google.code.findbugs\jsr305\3.0.2\25ea2e8b0c338a877313bd4672d3fe056ea78f0d\jsr305-3.0.2.jar;C:\Users\diogo\.gradle\caches\modules-2\files-2.1\com.jayway.jsonpath\json-path\2.6.0\67f565b424f7903a12d4f5b9361b11462ecacdac\json-path-2.6.0.jar;C:\Users\diogo\.gradle\caches\modules-2\files-2.1\jakarta.xml.bind\jakarta.xml.bind-api\2.3.3\48e3b9cfc10752fba3521d6511f4165bea951801\jakarta.xml.bind-api-2.3.3.jar;C:\Users\diogo\.gradle\caches\modules-2\files-2.1\org.assertj\assertj-core\3.21.0\27a14d6d22c4e3d58f799fb2a5ca8eaf53e6942a\assertj-core-3.21.0.jar;C:\Users\diogo\.gradle\caches\modules-2\files-2.1\org.hamcrest\hamcrest\2.2\1820c0968dba3a11a1b30669bb1f01978a91dedc\hamcrest-2.2.jar;C:\Users\diogo\.gradle\caches\modules-2\files-2.1\org.mockito\mockito-junit-jupiter\4.0.0\b76de25bd6e5d8f7924d0536729c0076e37e9396\mockito-junit-jupiter-4.0.0.jar;C:\Users\diogo\.gradle\caches\modules-2\files-2.1\org.junit.jupiter\junit-jupiter-params\5.8.2\ddeafe92fc263f895bfb73ffeca7fd56e23c2cce\junit-jupiter-params-5.8.2.jar;C:\Users\diogo\.gradle\caches\modules-2\files-2.1\org.junit.jupiter\junit-jupiter-engine\5.8.2\c598b4328d2f397194d11df3b1648d68d7d990e3\junit-jupiter-engine-5.8.2.jar;C:\Users\diogo\.gradle\caches\modules-2\files-2.1\org.junit.jupiter\junit-jupiter-api\5.8.2\4c21029217adf07e4c0d0c5e192b6bf610c94bdc\junit-jupiter-api-5.8.2.jar;C:\Users\diogo\.gradle\caches\modules-2\files-2.1\org.junit.platform\junit-platform-engine\1.8.2\b737de09f19864bd136805c84df7999a142fec29\junit-platform-engine-1.8.2.jar;C:\Users\diogo\.gradle\caches\modules-2\files-2.1\org.junit.platform\junit-platform-commons\1.8.2\32c8b8617c1342376fd5af2053da6410d8866861\junit-platform-commons-1.8.2.jar;C:\Users\diogo\.gradle\caches\modules-2\files-2.1\org.junit.jupiter\junit-jupiter\5.8.2\5a817b1e63f1217e5c586090c45e681281f097ad\junit-jupiter-5.8.2.jar;C:\Users\diogo\.gradle\caches\modules-2\files-2.1\org.mockito\mockito-core\4.0.0\f5195e0c4a45716bbd2d1d29173adbd148acce3a\mockito-core-4.0.0.jar;C:\Users\diogo\.gradle\caches\modules-2\files-2.1\org.skyscreamer\jsonassert\1.5.0\6c9d5fe2f59da598d9aefc1cfc6528ff3cf32df3\jsonassert-1.5.0.jar;C:\Users\diogo\.gradle\caches\modules-2\files-2.1\org.springframework\spring-test\5.3.19\84d0f06bfe2433173880240808203b69bc40244\spring-test-5.3.19.jar;C:\Users\diogo\.gradle\caches\modules-2\files-2.1\org.springframework\spring-aop\5.3.19\339b0ad295a7af51ac716bd89d36a4fb0febaf5d\spring-aop-5.3.19.jar;C:\Users\diogo\.gradle\caches\modules-2\files-2.1\org.springframework\spring-beans\5.3.19\4bc68c392ed320c9ab5dc439d7f2deb83f03fe76\spring-beans-5.3.19.jar;C:\Users\diogo\.gradle\caches\modules-2\files-2.1\org.springframework\spring-expression\5.3.19\14346b7b84721f61d2b23d3c8baa60c6655527a6\spring-expression-5.3.19.jar;C:\Users\diogo\.gradle\caches\modules-2\files-2.1\org.springframework\spring-core\5.3.19\344ff3b291d7fdfdb08e865f26238a6caa86acc5\spring-core-5.3.19.jar;C:\Users\diogo\.gradle\caches\modules-2\files-2.1\org.xmlunit\xmlunit-core\2.8.4\35be57989ca80eefa03161b211630e319a8f36c6\xmlunit-core-2.8.4.jar;C:\Users\diogo\.gradle\caches\modules-2\files-2.1\org.apache.zookeeper\zookeeper\3.6.3\a6e74f826db85ff8c51c15ef0fa2ea0b462aef25\zookeeper-3.6.3.jar;C:\Users\diogo\.gradle\caches\modules-2\files-2.1\org.springframework.boot\spring-boot-starter-logging\2.6.7\b49b159bb93086c76fa42555ca074c7ebe9d5fe6\spring-boot-starter-logging-2.6.7.jar;C:\Users\diogo\.gradle\caches\modules-2\files-2.1\jakarta.annotation\jakarta.annotation-api\1.3.5\59eb84ee0d616332ff44aba065f3888cf002cd2d\jakarta.annotation-api-1.3.5.jar;C:\Users\diogo\.gradle\caches\modules-2\files-2.1\org.yaml\snakeyaml\1.29\6d0cdafb2010f1297e574656551d7145240f6e25\snakeyaml-1.29.jar;C:\Users\diogo\.gradle\caches\modules-2\files-2.1\com.fasterxml.jackson.datatype\jackson-datatype-jsr310\2.13.2\cddd9380efd4b81ea01e98be8fbdc9765a81793b\jackson-datatype-jsr310-2.13.2.jar;C:\Users\diogo\.gradle\caches\modules-2\files-2.1\com.fasterxml.jackson.module\jackson-module-parameter-names\2.13.2\c406ec37f89125d1003093d5b96d216dc967153c\jackson-module-parameter-names-2.13.2.jar;C:\Users\diogo\.gradle\caches\modules-2\files-2.1\com.fasterxml.jackson.dataformat\jackson-dataformat-csv\2.13.2\b27d128a85226e144f6e791aac1ddcd9f436a26f\jackson-dataformat-csv-2.13.2.jar;C:\Users\diogo\.gradle\caches\modules-2\files-2.1\com.fasterxml.jackson.module\jackson-module-scala_2.13\2.13.2\e82cea98763d0d34e0fb35851721d6a757400dfb\jackson-module-scala_2.13-2.13.2.jar;C:\Users\diogo\.gradle\caches\modules-2\files-2.1\com.fasterxml.jackson.core\jackson-annotations\2.13.2\ec18851f1976d5b810ae1a5fcc32520d2d38f77a\jackson-annotations-2.13.2.jar;C:\Users\diogo\.gradle\caches\modules-2\files-2.1\com.fasterxml.jackson.core\jackson-core\2.13.2\a6a0e0620d51833feffc67bccb51937b2345763\jackson-core-2.13.2.jar;C:\Users\diogo\.gradle\caches\modules-2\files-2.1\com.fasterxml.jackson.datatype\jackson-datatype-jdk8\2.13.2\95f59cf63c3aadc1549578254af839a9c42ae84f\jackson-datatype-jdk8-2.13.2.jar;C:\Users\diogo\.gradle\caches\modules-2\files-2.1\com.fasterxml.jackson.core\jackson-databind\2.13.2.1\919754c0de3c2f22187e07318da1766f7583b5f7\jackson-databind-2.13.2.1.jar;C:\Users\diogo\.gradle\caches\modules-2\files-2.1\org.apache.tomcat.embed\tomcat-embed-websocket\9.0.62\ec38be10be20b949d8ba6754b5cfa807016820e2\tomcat-embed-websocket-9.0.62.jar;C:\Users\diogo\.gradle\caches\modules-2\files-2.1\org.apache.tomcat.embed\tomcat-embed-core\9.0.62\5cfba48171140b53d53f730633cc6310fa63e12\tomcat-embed-core-9.0.62.jar;C:\Users\diogo\.gradle\caches\modules-2\files-2.1\org.apache.tomcat.embed\tomcat-embed-el\9.0.62\59c3618dc742094fdbfc0bb13080fd98edaee55d\tomcat-embed-el-9.0.62.jar;C:\Users\diogo\.gradle\caches\modules-2\files-2.1\com.github.luben\zstd-jni\1.5.0-2\52fc9e353b4e84f8a87ebc9c5c59e58c91d5d23d\zstd-jni-1.5.0-2.jar;C:\Users\diogo\.gradle\caches\modules-2\files-2.1\org.lz4\lz4-java\1.7.1\c4d931ef8ad2c9c35d65b231a33e61428472d0da\lz4-java-1.7.1.jar;C:\Users\diogo\.gradle\caches\modules-2\files-2.1\org.xerial.snappy\snappy-java\1.1.8.1\d30aaf4d41d6ff0c760c8931d3b8dafc0293c91a\snappy-java-1.1.8.1.jar;C:\Users\diogo\.gradle\caches\modules-2\files-2.1\com.yammer.metrics\metrics-core\2.2.0\f82c035cfa786d3cbec362c38c22a5f5b1bc8724\metrics-core-2.2.0.jar;C:\Users\diogo\.gradle\caches\modules-2\files-2.1\com.typesafe.scala-logging\scala-logging_2.13\3.9.3\d97c3bcdcf6179e110af8ad2a64ca276843395c1\scala-logging_2.13-3.9.3.jar;C:\Users\diogo\.gradle\caches\modules-2\files-2.1\io.dropwizard.metrics\metrics-core\4.2.9\51d9d40d9388862d6425e8663759fedd45a06e84\metrics-core-4.2.9.jar;C:\Users\diogo\.gradle\caches\modules-2\files-2.1\ch.qos.logback\logback-classic\1.2.11\4741689214e9d1e8408b206506cbe76d1c6a7d60\logback-classic-1.2.11.jar;C:\Users\diogo\.gradle\caches\modules-2\files-2.1\org.apache.logging.log4j\log4j-to-slf4j\2.17.2\17dd0fae2747d9a28c67bc9534108823d2376b46\log4j-to-slf4j-2.17.2.jar;C:\Users\diogo\.gradle\caches\modules-2\files-2.1\org.slf4j\jul-to-slf4j\1.7.36\ed46d81cef9c412a88caef405b58f93a678ff2ca\jul-to-slf4j-1.7.36.jar;C:\Users\diogo\.gradle\caches\modules-2\files-2.1\org.slf4j\slf4j-api\1.7.36\6c62681a2f655b49963a5983b8b0950a6120ae14\slf4j-api-1.7.36.jar;C:\Users\diogo\.gradle\caches\modules-2\files-2.1\net.minidev\json-smart\2.4.8\7c62f5f72ab05eb54d40e2abf0360a2fe9ea477f\json-smart-2.4.8.jar;C:\Users\diogo\.gradle\caches\modules-2\files-2.1\jakarta.activation\jakarta.activation-api\1.2.2\99f53adba383cb1bf7c3862844488574b559621f\jakarta.activation-api-1.2.2.jar;C:\Users\diogo\.gradle\caches\modules-2\files-2.1\net.bytebuddy\byte-buddy\1.11.22\8b4c7fa5562a09da1c2a9ab0873cb51f5034d83f\byte-buddy-1.11.22.jar;C:\Users\diogo\.gradle\caches\modules-2\files-2.1\net.bytebuddy\byte-buddy-agent\1.11.22\2fbcf3210dfc09b42242e3b66a5281cc5b9adb80\byte-buddy-agent-1.11.22.jar;C:\Users\diogo\.gradle\caches\modules-2\files-2.1\org.objenesis\objenesis\3.2\7fadf57620c8b8abdf7519533e5527367cb51f09\objenesis-3.2.jar;C:\Users\diogo\.gradle\caches\modules-2\files-2.1\com.vaadin.external.google\android-json\0.0.20131108.vaadin1\fa26d351fe62a6a17f5cda1287c1c6110dec413f\android-json-0.0.20131108.vaadin1.jar;C:\Users\diogo\.gradle\caches\modules-2\files-2.1\org.springframework\spring-jcl\5.3.19\eae3d8b8728133782d9e41f9b3ecbd19a4146114\spring-jcl-5.3.19.jar;C:\Users\diogo\.gradle\caches\modules-2\files-2.1\org.apache.zookeeper\zookeeper-jute\3.6.3\8990d19ec3db01f45f82d4011a11b085db66de05\zookeeper-jute-3.6.3.jar;C:\Users\diogo\.gradle\caches\modules-2\files-2.1\org.apache.yetus\audience-annotations\0.5.0\55762d3191a8d6610ef46d11e8cb70c7667342a3\audience-annotations-0.5.0.jar;C:\Users\diogo\.gradle\caches\modules-2\files-2.1\io.netty\netty-handler\4.1.76.Final\36a48583fa7da27be829b843d7eee9a8d89428e3\netty-handler-4.1.76.Final.jar;C:\Users\diogo\.gradle\caches\modules-2\files-2.1\io.netty\netty-transport-native-epoll\4.1.76.Final\e47ddc4704cb6d05e6503217ebe00ef8cee193f2\netty-transport-native-epoll-4.1.76.Final.jar;C:\Users\diogo\.gradle\caches\modules-2\files-2.1\net.sourceforge.argparse4j\argparse4j\0.7.0\6f0621d0c3888de39e0f06d01f37ba53a798e657\argparse4j-0.7.0.jar;C:\Users\diogo\.gradle\caches\modules-2\files-2.1\net.sf.jopt-simple\jopt-simple\5.0.4\4fdac2fbe92dfad86aa6e9301736f6b4342a3f5c\jopt-simple-5.0.4.jar;C:\Users\diogo\.gradle\caches\modules-2\files-2.1\org.scala-lang.modules\scala-collection-compat_2.13\2.4.4\9cb262981ba1fac1f25c0e7e2b285d536ec8923b\scala-collection-compat_2.13-2.4.4.jar;C:\Users\diogo\.gradle\caches\modules-2\files-2.1\org.scala-lang.modules\scala-java8-compat_2.13\1.0.0\8ffac68615b438933fe27506e755d790a68b8bab\scala-java8-compat_2.13-1.0.0.jar;C:\Users\diogo\.gradle\caches\modules-2\files-2.1\org.scala-lang\scala-reflect\2.13.6\bb523e56c63746a5752dece28fcd702c54fd3a11\scala-reflect-2.13.6.jar;C:\Users\diogo\.gradle\caches\modules-2\files-2.1\commons-cli\commons-cli\1.4\c51c00206bb913cd8612b24abd9fa98ae89719b1\commons-cli-1.4.jar;C:\Users\diogo\.gradle\caches\modules-2\files-2.1\org.scala-lang\scala-library\2.13.6\ed7a2f528c7389ea65746c22a01031613d98ab3d\scala-library-2.13.6.jar;C:\Users\diogo\.gradle\caches\modules-2\files-2.1\org.opentest4j\opentest4j\1.2.0\28c11eb91f9b6d8e200631d46e20a7f407f2a046\opentest4j-1.2.0.jar;C:\Users\diogo\.gradle\caches\modules-2\files-2.1\net.minidev\accessors-smart\2.4.8\6e1bee5a530caba91893604d6ab41d0edcecca9a\accessors-smart-2.4.8.jar;C:\Users\diogo\.gradle\caches\modules-2\files-2.1\io.netty\netty-codec\4.1.76.Final\42b95ef41b928284842acf36a22547ba8a09fe5\netty-codec-4.1.76.Final.jar;C:\Users\diogo\.gradle\caches\modules-2\files-2.1\io.netty\netty-transport-classes-epoll\4.1.76.Final\921b92a76116674218af3dc4bbf43d73884e4146\netty-transport-classes-epoll-4.1.76.Final.jar;C:\Users\diogo\.gradle\caches\modules-2\files-2.1\io.netty\netty-transport-native-unix-common\4.1.76.Final\d5ed8c4be9680203c53f7ed788225c12c4d87ee0\netty-transport-native-unix-common-4.1.76.Final.jar;C:\Users\diogo\.gradle\caches\modules-2\files-2.1\io.netty\netty-transport\4.1.76.Final\f01d2f935005b6fdb2fedc23114d2ae717749c36\netty-transport-4.1.76.Final.jar;C:\Users\diogo\.gradle\caches\modules-2\files-2.1\io.netty\netty-resolver\4.1.76.Final\e0b225a33772cb7bba73dc296cccefa6826ab8cc\netty-resolver-4.1.76.Final.jar;C:\Users\diogo\.gradle\caches\modules-2\files-2.1\io.netty\netty-buffer\4.1.76.Final\231f5042a5050773eb22a918e84daff3f00892f2\netty-buffer-4.1.76.Final.jar;C:\Users\diogo\.gradle\caches\modules-2\files-2.1\io.netty\netty-common\4.1.76.Final\38d0b500f098dc89497b6e608d7427186f533cf0\netty-common-4.1.76.Final.jar;C:\Users\diogo\.gradle\caches\modules-2\files-2.1\org.rocksdb\rocksdbjni\6.19.3\54bb5df7d522a90b94f647b40d216e285f052a54\rocksdbjni-6.19.3.jar;C:\Users\diogo\.gradle\caches\modules-2\files-2.1\com.thoughtworks.paranamer\paranamer\2.8\619eba74c19ccf1da8ebec97a2d7f8ba05773dd6\paranamer-2.8.jar;C:\Users\diogo\.gradle\caches\modules-2\files-2.1\ch.qos.logback\logback-core\1.2.11\a01230df5ca5c34540cdaa3ad5efb012f1f1f792\logback-core-1.2.11.jar;C:\Users\diogo\.gradle\caches\modules-2\files-2.1\org.apache.logging.log4j\log4j-api\2.17.2\f42d6afa111b4dec5d2aea0fe2197240749a4ea6\log4j-api-2.17.2.jar;C:\Users\diogo\.gradle\caches\modules-2\files-2.1\org.ow2.asm\asm\9.1\a99500cf6eea30535eeac6be73899d048f8d12a8\asm-9.1.jar
2022-04-30 21:06:35.527  INFO 22336 --- [    Test worker] org.apache.zookeeper.ZooKeeper           : Client environment:java.library.path=C:\Users\diogo\.jdks\corretto-11.0.12\bin;C:\Windows\Sun\Java\bin;C:\Windows\system32;C:\Windows;C:\Program Files\Common Files\Oracle\Java\javapath;C:\Windows\system32;C:\Windows;C:\Windows\System32\Wbem;C:\Windows\System32\WindowsPowerShell\v1.0\;C:\Windows\System32\OpenSSH\;C:\Program Files (x86)\NVIDIA Corporation\PhysX\Common;C:\Program Files\NVIDIA Corporation\NVIDIA NvDLISR;C:\Program Files\Java\jdk-16.0.2\bin;C:\Program Files\Git\cmd;C:\Program Files\gradle-6.9.1\bin;C:\Program Files\apache-maven-3.8.2\bin;C:\Program Files\nodejs\;C:\Program Files\Docker\Docker\resources\bin;C:\ProgramData\DockerDesktop\version-bin;C:\Program Files\Common Files\Oracle\Java\javapath;C:\Windows\system32;C:\Windows;C:\Windows\System32\Wbem;C:\Windows\System32\WindowsPowerShell\v1.0\;C:\Windows\System32\OpenSSH\;C:\Program Files (x86)\NVIDIA Corporation\PhysX\Common;C:\Program Files\NVIDIA Corporation\NVIDIA NvDLISR;C:\Program Files\Java\jdk-16.0.2\bin;C:\Program Files\Git\cmd;C:\Program Files\gradle-6.9.1\bin;C:\Program Files\apache-maven-3.8.2\bin;C:\Program Files\nodejs\;C:\Program Files\Docker\Docker\resources\bin;C:\ProgramData\DockerDesktop\version-bin;C:\WebDriver\bin;C:\Users\diogo\AppData\Local\Programs\Microsoft VS Code\bin;.
2022-04-30 21:06:35.527  INFO 22336 --- [    Test worker] org.apache.zookeeper.ZooKeeper           : Client environment:java.io.tmpdir=C:\Users\diogo\AppData\Local\Temp\
2022-04-30 21:06:35.527  INFO 22336 --- [    Test worker] org.apache.zookeeper.ZooKeeper           : Client environment:java.compiler=<NA>
2022-04-30 21:06:35.527  INFO 22336 --- [    Test worker] org.apache.zookeeper.ZooKeeper           : Client environment:os.name=Windows 10
2022-04-30 21:06:35.527  INFO 22336 --- [    Test worker] org.apache.zookeeper.ZooKeeper           : Client environment:os.arch=amd64
2022-04-30 21:06:35.528  INFO 22336 --- [    Test worker] org.apache.zookeeper.ZooKeeper           : Client environment:os.version=10.0
2022-04-30 21:06:35.528  INFO 22336 --- [    Test worker] org.apache.zookeeper.ZooKeeper           : Client environment:user.name=diogo
2022-04-30 21:06:35.528  INFO 22336 --- [    Test worker] org.apache.zookeeper.ZooKeeper           : Client environment:user.home=C:\Users\diogo
2022-04-30 21:06:35.528  INFO 22336 --- [    Test worker] org.apache.zookeeper.ZooKeeper           : Client environment:user.dir=C:\Users\diogo\OneDrive\Documentos\IT Course\Java\Kafka\library-events-producer
2022-04-30 21:06:35.528  INFO 22336 --- [    Test worker] org.apache.zookeeper.ZooKeeper           : Client environment:os.memory.free=71MB
2022-04-30 21:06:35.528  INFO 22336 --- [    Test worker] org.apache.zookeeper.ZooKeeper           : Client environment:os.memory.max=512MB
2022-04-30 21:06:35.528  INFO 22336 --- [    Test worker] org.apache.zookeeper.ZooKeeper           : Client environment:os.memory.total=126MB
2022-04-30 21:06:35.532  INFO 22336 --- [    Test worker] org.apache.zookeeper.ZooKeeper           : Initiating client connection, connectString=127.0.0.1:65317 sessionTimeout=18000 watcher=kafka.zookeeper.ZooKeeperClient$ZooKeeperClientWatcher$@3f598450
2022-04-30 21:06:35.536  INFO 22336 --- [    Test worker] org.apache.zookeeper.ClientCnxnSocket    : jute.maxbuffer value is 4194304 Bytes
2022-04-30 21:06:35.545  INFO 22336 --- [    Test worker] org.apache.zookeeper.ClientCnxn          : zookeeper.request.timeout value is 0. feature enabled=false
2022-04-30 21:06:35.547  INFO 22336 --- [    Test worker] kafka.zookeeper.ZooKeeperClient          : [ZooKeeperClient Kafka server] Waiting until connected.
2022-04-30 21:06:35.551  INFO 22336 --- [27.0.0.1:65317)] org.apache.zookeeper.ClientCnxn          : Opening socket connection to server 127.0.0.1/127.0.0.1:65317.
2022-04-30 21:06:35.551  INFO 22336 --- [27.0.0.1:65317)] org.apache.zookeeper.ClientCnxn          : SASL config status: Will not attempt to authenticate using SASL (unknown error)
2022-04-30 21:06:35.552  INFO 22336 --- [27.0.0.1:65317)] org.apache.zookeeper.ClientCnxn          : Socket connection established, initiating session, client: /127.0.0.1:65322, server: 127.0.0.1/127.0.0.1:65317
2022-04-30 21:06:35.563  INFO 22336 --- [   SyncThread:0] o.a.z.server.persistence.FileTxnLog      : Creating new log file: log.1
2022-04-30 21:06:35.571  INFO 22336 --- [   SyncThread:0] o.a.zookeeper.audit.ZKAuditProvider      : ZooKeeper audit is disabled.
2022-04-30 21:06:35.575  INFO 22336 --- [27.0.0.1:65317)] org.apache.zookeeper.ClientCnxn          : Session establishment complete on server 127.0.0.1/127.0.0.1:65317, session id = 0x1004fa068110000, negotiated timeout = 16000
2022-04-30 21:06:35.579  INFO 22336 --- [    Test worker] kafka.zookeeper.ZooKeeperClient          : [ZooKeeperClient Kafka server] Connected.
2022-04-30 21:06:35.666  INFO 22336 --- [-process-thread] stener$ChangeNotificationProcessorThread : [feature-zk-node-event-process-thread]: Starting
2022-04-30 21:06:35.677  INFO 22336 --- [-process-thread] k.server.FinalizedFeatureChangeListener  : Feature ZK node at path: /feature does not exist
2022-04-30 21:06:35.678  INFO 22336 --- [-process-thread] kafka.server.FinalizedFeatureCache       : Cleared cache
2022-04-30 21:06:35.725  INFO 22336 --- [    Test worker] kafka.server.KafkaServer                 : Cluster ID = n3NRtcIOQ7WT-HTaNNphRw
2022-04-30 21:06:35.727  WARN 22336 --- [    Test worker] kafka.server.BrokerMetadataCheckpoint    : No meta.properties file under dir C:\Users\diogo\AppData\Local\Temp\spring.kafka.1e4d4519-5487-4d69-83cd-38d6530fa8475096079429126021725\meta.properties
2022-04-30 21:06:35.763  INFO 22336 --- [    Test worker] kafka.server.KafkaConfig                 : KafkaConfig values: 
	advertised.listeners = null
	alter.config.policy.class.name = null
	alter.log.dirs.replication.quota.window.num = 11
	alter.log.dirs.replication.quota.window.size.seconds = 1
	authorizer.class.name = 
	auto.create.topics.enable = true
	auto.leader.rebalance.enable = true
	background.threads = 10
	broker.heartbeat.interval.ms = 2000
	broker.id = 0
	broker.id.generation.enable = true
	broker.rack = null
	broker.session.timeout.ms = 9000
	client.quota.callback.class = null
	compression.type = producer
	connection.failed.authentication.delay.ms = 100
	connections.max.idle.ms = 600000
	connections.max.reauth.ms = 0
	control.plane.listener.name = null
	controlled.shutdown.enable = false
	controlled.shutdown.max.retries = 3
	controlled.shutdown.retry.backoff.ms = 100
	controller.listener.names = null
	controller.quorum.append.linger.ms = 25
	controller.quorum.election.backoff.max.ms = 1000
	controller.quorum.election.timeout.ms = 1000
	controller.quorum.fetch.timeout.ms = 2000
	controller.quorum.request.timeout.ms = 2000
	controller.quorum.retry.backoff.ms = 20
	controller.quorum.voters = []
	controller.quota.window.num = 11
	controller.quota.window.size.seconds = 1
	controller.socket.timeout.ms = 1000
	create.topic.policy.class.name = null
	default.replication.factor = 1
	delegation.token.expiry.check.interval.ms = 3600000
	delegation.token.expiry.time.ms = 86400000
	delegation.token.master.key = null
	delegation.token.max.lifetime.ms = 604800000
	delegation.token.secret.key = null
	delete.records.purgatory.purge.interval.requests = 1
	delete.topic.enable = true
	fetch.max.bytes = 57671680
	fetch.purgatory.purge.interval.requests = 1000
	group.initial.rebalance.delay.ms = 0
	group.max.session.timeout.ms = 1800000
	group.max.size = 2147483647
	group.min.session.timeout.ms = 6000
	initial.broker.registration.timeout.ms = 60000
	inter.broker.listener.name = null
	inter.broker.protocol.version = 3.0-IV1
	kafka.metrics.polling.interval.secs = 10
	kafka.metrics.reporters = []
	leader.imbalance.check.interval.seconds = 300
	leader.imbalance.per.broker.percentage = 10
	listener.security.protocol.map = PLAINTEXT:PLAINTEXT,SSL:SSL,SASL_PLAINTEXT:SASL_PLAINTEXT,SASL_SSL:SASL_SSL
	listeners = PLAINTEXT://localhost:0
	log.cleaner.backoff.ms = 15000
	log.cleaner.dedupe.buffer.size = 2097152
	log.cleaner.delete.retention.ms = 86400000
	log.cleaner.enable = true
	log.cleaner.io.buffer.load.factor = 0.9
	log.cleaner.io.buffer.size = 524288
	log.cleaner.io.max.bytes.per.second = 1.7976931348623157E308
	log.cleaner.max.compaction.lag.ms = 9223372036854775807
	log.cleaner.min.cleanable.ratio = 0.5
	log.cleaner.min.compaction.lag.ms = 0
	log.cleaner.threads = 1
	log.cleanup.policy = [delete]
	log.dir = C:\Users\diogo\AppData\Local\Temp\spring.kafka.1e4d4519-5487-4d69-83cd-38d6530fa8475096079429126021725
	log.dirs = null
	log.flush.interval.messages = 9223372036854775807
	log.flush.interval.ms = null
	log.flush.offset.checkpoint.interval.ms = 60000
	log.flush.scheduler.interval.ms = 9223372036854775807
	log.flush.start.offset.checkpoint.interval.ms = 60000
	log.index.interval.bytes = 4096
	log.index.size.max.bytes = 10485760
	log.message.downconversion.enable = true
	log.message.format.version = 3.0-IV1
	log.message.timestamp.difference.max.ms = 9223372036854775807
	log.message.timestamp.type = CreateTime
	log.preallocate = false
	log.retention.bytes = -1
	log.retention.check.interval.ms = 300000
	log.retention.hours = 168
	log.retention.minutes = null
	log.retention.ms = null
	log.roll.hours = 168
	log.roll.jitter.hours = 0
	log.roll.jitter.ms = null
	log.roll.ms = null
	log.segment.bytes = 1073741824
	log.segment.delete.delay.ms = 1000
	max.connection.creation.rate = 2147483647
	max.connections = 2147483647
	max.connections.per.ip = 2147483647
	max.connections.per.ip.overrides = 
	max.incremental.fetch.session.cache.slots = 1000
	message.max.bytes = 1048588
	metadata.log.dir = null
	metadata.log.max.record.bytes.between.snapshots = 20971520
	metadata.log.segment.bytes = 1073741824
	metadata.log.segment.min.bytes = 8388608
	metadata.log.segment.ms = 604800000
	metadata.max.retention.bytes = -1
	metadata.max.retention.ms = 604800000
	metric.reporters = []
	metrics.num.samples = 2
	metrics.recording.level = INFO
	metrics.sample.window.ms = 30000
	min.insync.replicas = 1
	node.id = -1
	num.io.threads = 8
	num.network.threads = 3
	num.partitions = 3
	num.recovery.threads.per.data.dir = 1
	num.replica.alter.log.dirs.threads = null
	num.replica.fetchers = 1
	offset.metadata.max.bytes = 4096
	offsets.commit.required.acks = -1
	offsets.commit.timeout.ms = 5000
	offsets.load.buffer.size = 5242880
	offsets.retention.check.interval.ms = 600000
	offsets.retention.minutes = 10080
	offsets.topic.compression.codec = 0
	offsets.topic.num.partitions = 5
	offsets.topic.replication.factor = 1
	offsets.topic.segment.bytes = 104857600
	password.encoder.cipher.algorithm = AES/CBC/PKCS5Padding
	password.encoder.iterations = 4096
	password.encoder.key.length = 128
	password.encoder.keyfactory.algorithm = null
	password.encoder.old.secret = null
	password.encoder.secret = null
	principal.builder.class = class org.apache.kafka.common.security.authenticator.DefaultKafkaPrincipalBuilder
	process.roles = []
	producer.purgatory.purge.interval.requests = 1000
	queued.max.request.bytes = -1
	queued.max.requests = 500
	quota.window.num = 11
	quota.window.size.seconds = 1
[...]
2022-04-30 21:07:20.393  INFO 22336 --- [quest-handler-1] kafka.log.LogManager                     : Created log for partition __consumer_offsets-0 in C:\Users\diogo\AppData\Local\Temp\spring.kafka.1e4d4519-5487-4d69-83cd-38d6530fa8475096079429126021725\__consumer_offsets-0 with properties {cleanup.policy=compact, compression.type="producer", segment.bytes=104857600}
2022-04-30 21:07:20.393  INFO 22336 --- [quest-handler-1] kafka.cluster.Partition                  : [Partition __consumer_offsets-0 broker=0] No checkpointed highwatermark is found for partition __consumer_offsets-0
2022-04-30 21:07:20.393  INFO 22336 --- [quest-handler-1] kafka.cluster.Partition                  : [Partition __consumer_offsets-0 broker=0] Log loaded for partition __consumer_offsets-0 with initial high watermark 0
2022-04-30 21:07:20.393  INFO 22336 --- [quest-handler-1] state.change.logger                      : [Broker id=0] Leader __consumer_offsets-0 starts at leader epoch 0 from offset 0 with high watermark 0 ISR [0] addingReplicas [] removingReplicas []. Previous leader epoch was -1.
2022-04-30 21:07:20.399  INFO 22336 --- [quest-handler-1] k.coordinator.group.GroupCoordinator     : [GroupCoordinator 0]: Elected as the group coordinator for partition 3 in epoch 0
2022-04-30 21:07:20.400  INFO 22336 --- [quest-handler-1] k.c.group.GroupMetadataManager           : [GroupMetadataManager brokerId=0] Scheduling loading of offsets and group metadata from __consumer_offsets-3 for epoch 0
2022-04-30 21:07:20.401  INFO 22336 --- [quest-handler-1] k.coordinator.group.GroupCoordinator     : [GroupCoordinator 0]: Elected as the group coordinator for partition 2 in epoch 0
2022-04-30 21:07:20.401  INFO 22336 --- [quest-handler-1] k.c.group.GroupMetadataManager           : [GroupMetadataManager brokerId=0] Scheduling loading of offsets and group metadata from __consumer_offsets-2 for epoch 0
2022-04-30 21:07:20.401  INFO 22336 --- [quest-handler-1] k.coordinator.group.GroupCoordinator     : [GroupCoordinator 0]: Elected as the group coordinator for partition 4 in epoch 0
2022-04-30 21:07:20.401  INFO 22336 --- [quest-handler-1] k.c.group.GroupMetadataManager           : [GroupMetadataManager brokerId=0] Scheduling loading of offsets and group metadata from __consumer_offsets-4 for epoch 0
2022-04-30 21:07:20.401  INFO 22336 --- [quest-handler-1] k.coordinator.group.GroupCoordinator     : [GroupCoordinator 0]: Elected as the group coordinator for partition 1 in epoch 0
2022-04-30 21:07:20.401  INFO 22336 --- [quest-handler-1] k.c.group.GroupMetadataManager           : [GroupMetadataManager brokerId=0] Scheduling loading of offsets and group metadata from __consumer_offsets-1 for epoch 0
2022-04-30 21:07:20.401  INFO 22336 --- [quest-handler-1] k.coordinator.group.GroupCoordinator     : [GroupCoordinator 0]: Elected as the group coordinator for partition 0 in epoch 0
2022-04-30 21:07:20.401  INFO 22336 --- [quest-handler-1] k.c.group.GroupMetadataManager           : [GroupMetadataManager brokerId=0] Scheduling loading of offsets and group metadata from __consumer_offsets-0 for epoch 0
2022-04-30 21:07:20.401  INFO 22336 --- [quest-handler-1] state.change.logger                      : [Broker id=0] Finished LeaderAndIsr request in 85ms correlationId 3 from controller 0 for 5 partitions
2022-04-30 21:07:20.403  INFO 22336 --- [quest-handler-3] state.change.logger                      : [Broker id=0] Add 5 partitions and deleted 0 partitions from metadata cache in response to UpdateMetadata request sent by controller 0 epoch 1 with correlation id 4
2022-04-30 21:07:20.406  INFO 22336 --- [adata-manager-0] k.c.group.GroupMetadataManager           : [GroupMetadataManager brokerId=0] Finished loading offsets and group metadata from __consumer_offsets-3 in 5 milliseconds for epoch 0, of which 2 milliseconds was spent in the scheduler.
2022-04-30 21:07:20.407  INFO 22336 --- [adata-manager-0] k.c.group.GroupMetadataManager           : [GroupMetadataManager brokerId=0] Finished loading offsets and group metadata from __consumer_offsets-2 in 6 milliseconds for epoch 0, of which 5 milliseconds was spent in the scheduler.
2022-04-30 21:07:20.408  INFO 22336 --- [adata-manager-0] k.c.group.GroupMetadataManager           : [GroupMetadataManager brokerId=0] Finished loading offsets and group metadata from __consumer_offsets-4 in 7 milliseconds for epoch 0, of which 6 milliseconds was spent in the scheduler.
2022-04-30 21:07:20.408  INFO 22336 --- [adata-manager-0] k.c.group.GroupMetadataManager           : [GroupMetadataManager brokerId=0] Finished loading offsets and group metadata from __consumer_offsets-1 in 7 milliseconds for epoch 0, of which 7 milliseconds was spent in the scheduler.
2022-04-30 21:07:20.409  INFO 22336 --- [adata-manager-0] k.c.group.GroupMetadataManager           : [GroupMetadataManager brokerId=0] Finished loading offsets and group metadata from __consumer_offsets-0 in 7 milliseconds for epoch 0, of which 7 milliseconds was spent in the scheduler.
2022-04-30 21:07:20.477  INFO 22336 --- [    Test worker] o.a.k.c.c.internals.ConsumerCoordinator  : [Consumer clientId=consumer-group1-1, groupId=group1] Discovered group coordinator localhost:65327 (id: 2147483647 rack: null)
2022-04-30 21:07:20.479  INFO 22336 --- [    Test worker] o.a.k.c.c.internals.ConsumerCoordinator  : [Consumer clientId=consumer-group1-1, groupId=group1] (Re-)joining group
2022-04-30 21:07:20.498  INFO 22336 --- [quest-handler-4] k.coordinator.group.GroupCoordinator     : [GroupCoordinator 0]: Dynamic member with unknown member id joins group group1 in Empty state. Created a new member id consumer-group1-1-b430cba0-9471-4a51-9a27-b0a5d13b0a47 and request the member to rejoin with this id.
2022-04-30 21:07:20.503  INFO 22336 --- [    Test worker] o.a.k.c.c.internals.ConsumerCoordinator  : [Consumer clientId=consumer-group1-1, groupId=group1] Request joining group due to: need to re-join with the given member-id
2022-04-30 21:07:20.503  INFO 22336 --- [    Test worker] o.a.k.c.c.internals.ConsumerCoordinator  : [Consumer clientId=consumer-group1-1, groupId=group1] (Re-)joining group
2022-04-30 21:07:20.510  INFO 22336 --- [quest-handler-7] k.coordinator.group.GroupCoordinator     : [GroupCoordinator 0]: Preparing to rebalance group group1 in state PreparingRebalance with old generation 0 (__consumer_offsets-0) (reason: Adding new member consumer-group1-1-b430cba0-9471-4a51-9a27-b0a5d13b0a47 with group instance id None)
2022-04-30 21:07:20.518  INFO 22336 --- [cutor-Rebalance] k.coordinator.group.GroupCoordinator     : [GroupCoordinator 0]: Stabilized group group1 generation 1 (__consumer_offsets-0) with 1 members
2022-04-30 21:07:20.520  INFO 22336 --- [    Test worker] o.a.k.c.c.internals.ConsumerCoordinator  : [Consumer clientId=consumer-group1-1, groupId=group1] Successfully joined group with generation Generation{generationId=1, memberId='consumer-group1-1-b430cba0-9471-4a51-9a27-b0a5d13b0a47', protocol='range'}
2022-04-30 21:07:20.523  INFO 22336 --- [    Test worker] o.a.k.c.c.internals.ConsumerCoordinator  : [Consumer clientId=consumer-group1-1, groupId=group1] Finished assignment for group at generation 1: {consumer-group1-1-b430cba0-9471-4a51-9a27-b0a5d13b0a47=Assignment(partitions=[library-events-0, library-events-1, library-events-2])}
2022-04-30 21:07:20.533  INFO 22336 --- [quest-handler-6] k.coordinator.group.GroupCoordinator     : [GroupCoordinator 0]: Assignment received from leader consumer-group1-1-b430cba0-9471-4a51-9a27-b0a5d13b0a47 for group group1 for generation 1. The group has 1 members, 0 of which are static.
2022-04-30 21:07:20.587  INFO 22336 --- [    Test worker] o.a.k.c.c.internals.ConsumerCoordinator  : [Consumer clientId=consumer-group1-1, groupId=group1] Successfully synced group in generation Generation{generationId=1, memberId='consumer-group1-1-b430cba0-9471-4a51-9a27-b0a5d13b0a47', protocol='range'}
2022-04-30 21:07:20.588  INFO 22336 --- [    Test worker] o.a.k.c.c.internals.ConsumerCoordinator  : [Consumer clientId=consumer-group1-1, groupId=group1] Notifying assignor about the new Assignment(partitions=[library-events-0, library-events-1, library-events-2])
2022-04-30 21:07:20.590  INFO 22336 --- [    Test worker] o.a.k.c.c.internals.ConsumerCoordinator  : [Consumer clientId=consumer-group1-1, groupId=group1] Adding newly assigned partitions: library-events-1, library-events-2, library-events-0
2022-04-30 21:07:20.604  INFO 22336 --- [    Test worker] o.a.k.c.c.internals.ConsumerCoordinator  : [Consumer clientId=consumer-group1-1, groupId=group1] Found no committed offset for partition library-events-1
2022-04-30 21:07:20.604  INFO 22336 --- [    Test worker] o.a.k.c.c.internals.ConsumerCoordinator  : [Consumer clientId=consumer-group1-1, groupId=group1] Found no committed offset for partition library-events-2
2022-04-30 21:07:20.604  INFO 22336 --- [    Test worker] o.a.k.c.c.internals.ConsumerCoordinator  : [Consumer clientId=consumer-group1-1, groupId=group1] Found no committed offset for partition library-events-0
2022-04-30 21:07:20.620  INFO 22336 --- [    Test worker] o.a.k.c.c.internals.SubscriptionState    : [Consumer clientId=consumer-group1-1, groupId=group1] Resetting offset for partition library-events-1 to position FetchPosition{offset=0, offsetEpoch=Optional.empty, currentLeader=LeaderAndEpoch{leader=Optional[localhost:65327 (id: 0 rack: null)], epoch=0}}.
2022-04-30 21:07:20.620  INFO 22336 --- [    Test worker] o.a.k.c.c.internals.SubscriptionState    : [Consumer clientId=consumer-group1-1, groupId=group1] Resetting offset for partition library-events-2 to position FetchPosition{offset=0, offsetEpoch=Optional.empty, currentLeader=LeaderAndEpoch{leader=Optional[localhost:65327 (id: 0 rack: null)], epoch=0}}.
2022-04-30 21:07:20.621  INFO 22336 --- [    Test worker] o.a.k.c.c.internals.SubscriptionState    : [Consumer clientId=consumer-group1-1, groupId=group1] Resetting offset for partition library-events-0 to position FetchPosition{offset=0, offsetEpoch=Optional.empty, currentLeader=LeaderAndEpoch{leader=Optional[localhost:65327 (id: 0 rack: null)], epoch=0}}.
2022-04-30 21:07:20.677  INFO 22336 --- [    Test worker] o.a.k.c.c.internals.SubscriptionState    : [Consumer clientId=consumer-group1-1, groupId=group1] Seeking to EARLIEST offset of partition library-events-1
2022-04-30 21:07:20.677  INFO 22336 --- [    Test worker] o.a.k.c.c.internals.SubscriptionState    : [Consumer clientId=consumer-group1-1, groupId=group1] Seeking to EARLIEST offset of partition library-events-2
2022-04-30 21:07:20.677  INFO 22336 --- [    Test worker] o.a.k.c.c.internals.SubscriptionState    : [Consumer clientId=consumer-group1-1, groupId=group1] Seeking to EARLIEST offset of partition library-events-0
2022-04-30 21:07:20.884  INFO 22336 --- [o-auto-1-exec-2] o.a.c.c.C.[Tomcat].[localhost].[/]       : Initializing Spring DispatcherServlet 'dispatcherServlet'
2022-04-30 21:07:20.884  INFO 22336 --- [o-auto-1-exec-2] o.s.web.servlet.DispatcherServlet        : Initializing Servlet 'dispatcherServlet'
2022-04-30 21:07:20.885  INFO 22336 --- [o-auto-1-exec-2] o.s.web.servlet.DispatcherServlet        : Completed initialization in 1 ms
2022-04-30 21:07:20.952  INFO 22336 --- [o-auto-1-exec-2] o.a.k.clients.producer.ProducerConfig    : ProducerConfig values: 
	acks = -1
	batch.size = 16384
	bootstrap.servers = [127.0.0.1:65327]
	buffer.memory = 33554432
	client.dns.lookup = use_all_dns_ips
	client.id = producer-1
	compression.type = none
	connections.max.idle.ms = 540000
	delivery.timeout.ms = 120000
	enable.idempotence = true
	interceptor.classes = []
	key.serializer = class org.apache.kafka.common.serialization.IntegerSerializer
	linger.ms = 0
	max.block.ms = 60000
	max.in.flight.requests.per.connection = 5
	max.request.size = 1048576
	metadata.max.age.ms = 300000
	metadata.max.idle.ms = 300000
	metric.reporters = []
	metrics.num.samples = 2
	metrics.recording.level = INFO
	metrics.sample.window.ms = 30000
	partitioner.class = class org.apache.kafka.clients.producer.internals.DefaultPartitioner
	receive.buffer.bytes = 32768
	reconnect.backoff.max.ms = 1000
	reconnect.backoff.ms = 50
	request.timeout.ms = 30000
	retries = 2147483647
	retry.backoff.ms = 100
	sasl.client.callback.handler.class = null
	sasl.jaas.config = null
	sasl.kerberos.kinit.cmd = /usr/bin/kinit
	sasl.kerberos.min.time.before.relogin = 60000
	sasl.kerberos.service.name = null
	sasl.kerberos.ticket.renew.jitter = 0.05
	sasl.kerberos.ticket.renew.window.factor = 0.8
	sasl.login.callback.handler.class = null
	sasl.login.class = null
	sasl.login.refresh.buffer.seconds = 300
	sasl.login.refresh.min.period.seconds = 60
	sasl.login.refresh.window.factor = 0.8
	sasl.login.refresh.window.jitter = 0.05
	sasl.mechanism = GSSAPI
	security.protocol = PLAINTEXT
	security.providers = null
	send.buffer.bytes = 131072
	socket.connection.setup.timeout.max.ms = 30000
	socket.connection.setup.timeout.ms = 10000
	ssl.cipher.suites = null
	ssl.enabled.protocols = [TLSv1.2, TLSv1.3]
	ssl.endpoint.identification.algorithm = https
	ssl.engine.factory.class = null
	ssl.key.password = null
	ssl.keymanager.algorithm = SunX509
	ssl.keystore.certificate.chain = null
	ssl.keystore.key = null
	ssl.keystore.location = null
	ssl.keystore.password = null
	ssl.keystore.type = JKS
	ssl.protocol = TLSv1.3
	ssl.provider = null
	ssl.secure.random.implementation = null
	ssl.trustmanager.algorithm = PKIX
	ssl.truststore.certificates = null
	ssl.truststore.location = null
	ssl.truststore.password = null
	ssl.truststore.type = JKS
	transaction.timeout.ms = 60000
	transactional.id = null
	value.serializer = class org.apache.kafka.common.serialization.StringSerializer

2022-04-30 21:07:20.979  INFO 22336 --- [o-auto-1-exec-2] o.a.k.clients.producer.KafkaProducer     : [Producer clientId=producer-1] Instantiated an idempotent producer.
2022-04-30 21:07:21.022  INFO 22336 --- [o-auto-1-exec-2] o.a.kafka.common.utils.AppInfoParser     : Kafka version: 3.0.1
2022-04-30 21:07:21.022  INFO 22336 --- [o-auto-1-exec-2] o.a.kafka.common.utils.AppInfoParser     : Kafka commitId: 8e30984f43e64d8b
2022-04-30 21:07:21.022  INFO 22336 --- [o-auto-1-exec-2] o.a.kafka.common.utils.AppInfoParser     : Kafka startTimeMs: 1651363641022
2022-04-30 21:07:21.029  INFO 22336 --- [ad | producer-1] org.apache.kafka.clients.Metadata        : [Producer clientId=producer-1] Cluster ID: n3NRtcIOQ7WT-HTaNNphRw
2022-04-30 21:07:21.034  INFO 22336 --- [ad | producer-1] org.apache.kafka.clients.Metadata        : [Producer clientId=producer-1] Resetting the last seen epoch of partition library-events-0 to 0 since the associated topicId changed from null to 3VslL3ZfQJ2IFvbkuEvx7w
2022-04-30 21:07:21.034  INFO 22336 --- [ad | producer-1] org.apache.kafka.clients.Metadata        : [Producer clientId=producer-1] Resetting the last seen epoch of partition library-events-2 to 0 since the associated topicId changed from null to 3VslL3ZfQJ2IFvbkuEvx7w
2022-04-30 21:07:21.034  INFO 22336 --- [ad | producer-1] org.apache.kafka.clients.Metadata        : [Producer clientId=producer-1] Resetting the last seen epoch of partition library-events-1 to 0 since the associated topicId changed from null to 3VslL3ZfQJ2IFvbkuEvx7w
2022-04-30 21:07:21.057  INFO 22336 --- [er-event-thread] kafka.controller.KafkaController         : [Controller id=0] Acquired new producerId block ProducerIdsBlock{brokerId=0, producerIdStart=0, producerIdLen=1000} by writing to Zk with path version 1
2022-04-30 21:07:21.061  INFO 22336 --- [ad | producer-1] o.a.k.c.p.internals.TransactionManager   : [Producer clientId=producer-1] ProducerId set to 0 with epoch 0
2022-04-30 21:07:21.125  INFO 22336 --- [ad | producer-1] com.kafka.producer.LibraryEventProducer  : Message Sent Successfully for the key : null and the value is {"libraryEventId":null,"libraryEventType":"NEW","book":{"bookId":123,"bookName":"Kafka using Spring Boot","bookAuthor":"Diogo"}}, partition is 1
2022-04-30 21:07:21.163  INFO 22336 --- [    Test worker] o.a.k.c.c.internals.SubscriptionState    : [Consumer clientId=consumer-group1-1, groupId=group1] Resetting offset for partition library-events-1 to position FetchPosition{offset=0, offsetEpoch=Optional.empty, currentLeader=LeaderAndEpoch{leader=Optional[localhost:65327 (id: 0 rack: null)], epoch=0}}.
2022-04-30 21:07:21.163  INFO 22336 --- [    Test worker] o.a.k.c.c.internals.SubscriptionState    : [Consumer clientId=consumer-group1-1, groupId=group1] Resetting offset for partition library-events-2 to position FetchPosition{offset=0, offsetEpoch=Optional.empty, currentLeader=LeaderAndEpoch{leader=Optional[localhost:65327 (id: 0 rack: null)], epoch=0}}.
2022-04-30 21:07:21.163  INFO 22336 --- [    Test worker] o.a.k.c.c.internals.SubscriptionState    : [Consumer clientId=consumer-group1-1, groupId=group1] Resetting offset for partition library-events-0 to position FetchPosition{offset=0, offsetEpoch=Optional.empty, currentLeader=LeaderAndEpoch{leader=Optional[localhost:65327 (id: 0 rack: null)], epoch=0}}.
2022-04-30 21:07:24.238  INFO 22336 --- [    Test worker] o.a.k.c.c.internals.ConsumerCoordinator  : [Consumer clientId=consumer-group1-1, groupId=group1] Revoke previously assigned partitions library-events-1, library-events-2, library-events-0
2022-04-30 21:07:24.238  INFO 22336 --- [    Test worker] o.a.k.c.c.internals.ConsumerCoordinator  : [Consumer clientId=consumer-group1-1, groupId=group1] Member consumer-group1-1-b430cba0-9471-4a51-9a27-b0a5d13b0a47 sending LeaveGroup request to coordinator localhost:65327 (id: 2147483647 rack: null) due to the consumer is being closed
2022-04-30 21:07:24.239  INFO 22336 --- [    Test worker] o.a.k.c.c.internals.ConsumerCoordinator  : [Consumer clientId=consumer-group1-1, groupId=group1] Resetting generation due to: consumer pro-actively leaving the group
2022-04-30 21:07:24.239  INFO 22336 --- [    Test worker] o.a.k.c.c.internals.ConsumerCoordinator  : [Consumer clientId=consumer-group1-1, groupId=group1] Request joining group due to: consumer pro-actively leaving the group
2022-04-30 21:07:24.243  INFO 22336 --- [quest-handler-6] k.coordinator.group.GroupCoordinator     : [GroupCoordinator 0]: Preparing to rebalance group group1 in state PreparingRebalance with old generation 1 (__consumer_offsets-0) (reason: Removing member consumer-group1-1-b430cba0-9471-4a51-9a27-b0a5d13b0a47 on LeaveGroup)
2022-04-30 21:07:24.244  INFO 22336 --- [quest-handler-6] k.coordinator.group.GroupCoordinator     : [GroupCoordinator 0]: Group group1 with generation 2 is now empty (__consumer_offsets-0)
2022-04-30 21:07:24.245  INFO 22336 --- [quest-handler-6] k.coordinator.group.GroupCoordinator     : [GroupCoordinator 0]: Member MemberMetadata(memberId=consumer-group1-1-b430cba0-9471-4a51-9a27-b0a5d13b0a47, groupInstanceId=None, clientId=consumer-group1-1, clientHost=/127.0.0.1, sessionTimeoutMs=60000, rebalanceTimeoutMs=300000, supportedProtocols=List(range, cooperative-sticky)) has left group group1 through explicit `LeaveGroup` request
2022-04-30 21:07:24.248  INFO 22336 --- [    Test worker] org.apache.kafka.common.metrics.Metrics  : Metrics scheduler closed
2022-04-30 21:07:24.248  INFO 22336 --- [    Test worker] org.apache.kafka.common.metrics.Metrics  : Closing reporter org.apache.kafka.common.metrics.JmxReporter
2022-04-30 21:07:24.248  INFO 22336 --- [    Test worker] org.apache.kafka.common.metrics.Metrics  : Metrics reporters closed
2022-04-30 21:07:24.249  INFO 22336 --- [    Test worker] o.a.kafka.common.utils.AppInfoParser     : App info kafka.consumer for consumer-group1-1 unregistered
]]></system-out>
  <system-err><![CDATA[]]></system-err>
</testsuite>
